2023-10-04 14:42:51,591 [INFO] Activator:176 - 


2023-10-04 14:42:51,593 [INFO] Activator:177 - !SESSION log4j initialized
2023-10-04 14:42:52,509 [INFO] LogOutputStream:77 - [STDOUT_REDIRECT] 
2023-10-04 14:42:52,769 [ERROR] ConfigurationRetriever:142 - IOException on connection: sw-center.st.com
2023-10-04 14:42:52,770 [ERROR] ConfigurationRetriever:142 - IOException on connection: sw-center.st.com
2023-10-04 14:42:52,771 [ERROR] ConfigurationRetriever:142 - IOException on connection: sw-center.st.com
2023-10-04 14:42:54,124 [INFO] ApplicationProperties:184 - Using Application install path: /opt/stm32cubeide/plugins/com.st.stm32cube.common.mx_6.9.1.202307191849
2023-10-04 14:42:54,138 [INFO] DbMcusXml:78 - Set database path to: /opt/stm32cubeide/plugins/com.st.stm32cube.common.mx_6.9.1.202307191849//db//mcu/
2023-10-04 14:42:54,139 [INFO] ApiDb:274 - Set plugin database path to: /opt/stm32cubeide/plugins/com.st.stm32cube.common.mx_6.9.1.202307191849//db//plugins/boardmanager/
2023-10-04 14:42:54,139 [WARN] ApiDb:259 - Overriding images path with different value:  => /opt/stm32cubeide/plugins/com.st.stm32cube.common.mx_6.9.1.202307191849//db//plugins/mcufinder/images/
2023-10-04 14:42:54,156 [INFO] ApiDb:250 - Set database path to: /home/hronoz/.stmcufinder/plugins/mcufinder//mcu/
2023-10-04 14:42:54,160 [INFO] DbMcusAds:125 - Set database path to: /home/hronoz/.stmcufinder/plugins/mcufinder//mcu/
2023-10-04 14:42:54,162 [INFO] CrossReferenceDbSqlite:203 - Set database path to: /home/hronoz/.stmcufinder/plugins/mcufinder//mcu/cs/
2023-10-04 14:42:54,351 [INFO] RulesReader:64 - Compatibility file has been processed (293 Rules)
2023-10-04 14:42:54,481 [INFO] DbMcusXml:78 - Set database path to: /opt/stm32cubeide/plugins/com.st.stm32cube.common.mx_6.9.1.202307191849//db//mcu/
2023-10-04 14:42:54,482 [INFO] ApiDb:274 - Set plugin database path to: /opt/stm32cubeide/plugins/com.st.stm32cube.common.mx_6.9.1.202307191849//db//plugins/boardmanager/
2023-10-04 14:42:54,482 [INFO] ApiDb:261 - Set plugin images path to: /opt/stm32cubeide/plugins/com.st.stm32cube.common.mx_6.9.1.202307191849//db//plugins/mcufinder/images/
2023-10-04 14:42:54,482 [WARN] DbFile:41 - Overriding database path with different value: /home/hronoz/.stmcufinder/plugins/mcufinder/ => /home/hronoz/.stmcufinder/plugins/mcufinder
2023-10-04 14:42:54,482 [INFO] ApiDb:250 - Set database path to: /home/hronoz/.stmcufinder/plugins/mcufinder//mcu/
2023-10-04 14:42:54,482 [WARN] DbFile:41 - Overriding database path with different value: /home/hronoz/.stmcufinder/plugins/mcufinder/ => /home/hronoz/.stmcufinder/plugins/mcufinder
2023-10-04 14:42:54,482 [INFO] DbMcusAds:125 - Set database path to: /home/hronoz/.stmcufinder/plugins/mcufinder//mcu/
2023-10-04 14:42:54,482 [WARN] DbFile:41 - Overriding database path with different value: /home/hronoz/.stmcufinder/plugins/mcufinder/ => /home/hronoz/.stmcufinder/plugins/mcufinder
2023-10-04 14:42:54,483 [WARN] DbFile:41 - Overriding database path with different value: /home/hronoz/.stmcufinder/plugins/mcufinder/ => /home/hronoz/.stmcufinder/plugins/mcufinder
2023-10-04 14:42:54,483 [INFO] CrossReferenceDbSqlite:203 - Set database path to: /home/hronoz/.stmcufinder/plugins/mcufinder//mcu/cs/
2023-10-04 14:42:54,592 [INFO] MainPanel:262 - HeapMemory: 268435456
2023-10-04 14:42:54,711 [INFO] DbMcusXml:78 - Set database path to: /opt/stm32cubeide/plugins/com.st.stm32cube.common.mx_6.9.1.202307191849//db//mcu/
2023-10-04 14:42:54,711 [INFO] ApiDb:274 - Set plugin database path to: /opt/stm32cubeide/plugins/com.st.stm32cube.common.mx_6.9.1.202307191849//db//plugins/boardmanager/
2023-10-04 14:42:54,712 [INFO] ApiDb:261 - Set plugin images path to: /opt/stm32cubeide/plugins/com.st.stm32cube.common.mx_6.9.1.202307191849//db//plugins/mcufinder/images/
2023-10-04 14:42:54,715 [WARN] DbFile:41 - Overriding database path with different value: /home/hronoz/.stmcufinder/plugins/mcufinder/ => /home/hronoz/.stmcufinder/plugins/mcufinder
2023-10-04 14:42:54,715 [INFO] ApiDb:250 - Set database path to: /home/hronoz/.stmcufinder/plugins/mcufinder//mcu/
2023-10-04 14:42:54,716 [WARN] DbFile:41 - Overriding database path with different value: /home/hronoz/.stmcufinder/plugins/mcufinder/ => /home/hronoz/.stmcufinder/plugins/mcufinder
2023-10-04 14:42:54,716 [INFO] DbMcusAds:125 - Set database path to: /home/hronoz/.stmcufinder/plugins/mcufinder//mcu/
2023-10-04 14:42:54,716 [WARN] DbFile:41 - Overriding database path with different value: /home/hronoz/.stmcufinder/plugins/mcufinder/ => /home/hronoz/.stmcufinder/plugins/mcufinder
2023-10-04 14:42:54,717 [WARN] DbFile:41 - Overriding database path with different value: /home/hronoz/.stmcufinder/plugins/mcufinder/ => /home/hronoz/.stmcufinder/plugins/mcufinder
2023-10-04 14:42:54,717 [INFO] CrossReferenceDbSqlite:203 - Set database path to: /home/hronoz/.stmcufinder/plugins/mcufinder//mcu/cs/
2023-10-04 14:42:54,755 [INFO] ApplicationProperties:184 - Using Application install path: /opt/stm32cubeide/plugins/com.st.stm32cube.common.mx_6.9.1.202307191849
2023-10-04 14:42:54,757 [INFO] PluginManage:196 - Search for loadable plugins [exclusion list=, ]
2023-10-04 14:42:54,760 [INFO] PluginManage:310 - Check plugin analytics
2023-10-04 14:42:55,168 [INFO] AnalyticsPlugin:253 - Accepted Software Licenses: 
2023-10-04 14:42:55,169 [INFO] AnalyticsPlugin:255 - Accepted CMSIS Pack Licenses: 
2023-10-04 14:42:55,170 [INFO] AnalyticsPlugin:257 - Accepted Firmware Licenses: FW.L4.1.18.0
2023-10-04 14:42:55,180 [ERROR] ConfigurationRetriever:142 - IOException on connection: sw-center.st.com
2023-10-04 14:42:55,187 [ERROR] ConfigurationRetriever:142 - IOException on connection: sw-center.st.com
2023-10-04 14:42:55,187 [INFO] PluginManage:359 - Loaded plugin analytics (category:tool,tabindex:-1)
2023-10-04 14:42:55,190 [INFO] PluginManage:310 - Check plugin cadmodel
2023-10-04 14:42:55,191 [ERROR] ConfigurationRetriever:142 - IOException on connection: sw-center.st.com
2023-10-04 14:42:55,347 [INFO] CADModel:105 - Init CAD model plugin
2023-10-04 14:42:55,349 [INFO] PluginManage:359 - Loaded plugin cadmodel (category:power,tabindex:5)
2023-10-04 14:42:55,351 [INFO] PluginManage:310 - Check plugin clock
2023-10-04 14:42:55,399 [INFO] PluginManage:359 - Loaded plugin clock (category:base,tabindex:2)
2023-10-04 14:42:55,400 [INFO] PluginManage:310 - Check plugin ddr
2023-10-04 14:42:55,412 [INFO] PluginManage:359 - Loaded plugin ddr (category:tool,tabindex:6)
2023-10-04 14:42:55,414 [INFO] PluginManage:310 - Check plugin filemanager
2023-10-04 14:42:55,790 [INFO] PluginManage:359 - Loaded plugin filemanager (category:base,tabindex:10)
2023-10-04 14:42:55,792 [INFO] PluginManage:310 - Check plugin ipmanager
2023-10-04 14:42:55,820 [INFO] PluginManage:359 - Loaded plugin ipmanager (category:base,tabindex:5)
2023-10-04 14:42:55,821 [INFO] PluginManage:310 - Check plugin lpbam
2023-10-04 14:42:55,867 [INFO] PluginManage:359 - Loaded plugin lpbam (category:base,tabindex:0)
2023-10-04 14:42:55,868 [INFO] PluginManage:310 - Check plugin memorymap
2023-10-04 14:42:55,909 [INFO] PluginManage:359 - Loaded plugin memorymap (category:base,tabindex:4)
2023-10-04 14:42:55,909 [INFO] PluginManage:310 - Check plugin pinoutandconfiguration
2023-10-04 14:42:55,936 [INFO] PluginManage:359 - Loaded plugin pinoutandconfiguration (category:base,tabindex:1)
2023-10-04 14:42:55,936 [INFO] PluginManage:310 - Check plugin pinoutconfig
2023-10-04 14:42:56,073 [WARN] SupportedApi:132 - Cannot load RTOS API schema: s4s-elt-must-match.1: The content of 'definitions' must match (annotation?, (simpleType | complexType)?, (unique | key | keyref)*)). A problem was found starting at: attribute.
2023-10-04 14:42:56,166 [INFO] PluginManage:359 - Loaded plugin pinoutconfig (category:base,tabindex:0)
2023-10-04 14:42:56,166 [INFO] PluginManage:310 - Check plugin power
2023-10-04 14:42:56,175 [INFO] PluginManage:359 - Loaded plugin power (category:power,tabindex:4)
2023-10-04 14:42:56,175 [INFO] PluginManage:310 - Check plugin projectmanager
2023-10-04 14:42:56,185 [INFO] PluginManage:359 - Loaded plugin projectmanager (category:projectmanager,tabindex:3)
2023-10-04 14:42:56,186 [INFO] PluginManage:310 - Check plugin thirdparty
2023-10-04 14:42:56,322 [WARN] IntegrityCheckThread:84 - waiting for thirdparty lock release [integrity check]
2023-10-04 14:42:56,323 [INFO] PluginManage:359 - Loaded plugin thirdparty (category:base,tabindex:-1)
2023-10-04 14:42:56,323 [INFO] PluginManage:310 - Check plugin tools
2023-10-04 14:42:56,323 [INFO] IntegrityCheckThread:86 - entering critical section [integrity check]
2023-10-04 14:42:56,324 [INFO] ThirdPartyUpdaterWithRetryManager:70 - Updater plugin not ready yet. [1/15]
2023-10-04 14:42:56,326 [INFO] PluginManage:359 - Loaded plugin tools (category:base,tabindex:7)
2023-10-04 14:42:56,327 [INFO] PluginManage:310 - Check plugin tutovideos
2023-10-04 14:42:56,665 [INFO] PluginManage:359 - Loaded plugin tutovideos (category:base,tabindex:-1)
2023-10-04 14:42:56,666 [INFO] PluginManage:310 - Check plugin updater
2023-10-04 14:42:56,690 [INFO] PluginManage:359 - Loaded plugin updater (category:base,tabindex:12)
2023-10-04 14:42:56,690 [INFO] PluginManage:310 - Check plugin userauth
2023-10-04 14:42:56,698 [INFO] UserAuth:113 - Init User Auth plugin
2023-10-04 14:42:56,698 [INFO] PluginManage:359 - Loaded plugin userauth (category:base,tabindex:14)
2023-10-04 14:42:56,699 [INFO] PluginManage:283 - PluginManage : Loaded plugins [17]
2023-10-04 14:42:56,872 [INFO] PinOutPanel:1499 - setPackage(No Configuration,No Configuration)
2023-10-04 14:42:56,947 [INFO] CADModel:165 - CPN selected for project level
2023-10-04 14:42:56,947 [INFO] CADModel:114 - Register for checkConnection events
2023-10-04 14:42:56,964 [INFO] IPUIPlugin:80 - create IPUIPlugin
2023-10-04 14:42:56,964 [INFO] PluginManager:220 - loadIPPluginJar : add adc
2023-10-04 14:42:56,967 [INFO] IPUIPlugin:80 - create IPUIPlugin
2023-10-04 14:42:56,967 [INFO] PluginManager:220 - loadIPPluginJar : add aes
2023-10-04 14:42:56,971 [INFO] IPUIPlugin:80 - create IPUIPlugin
2023-10-04 14:42:56,971 [INFO] PluginManager:220 - loadIPPluginJar : add can
2023-10-04 14:42:56,973 [INFO] IPUIPlugin:80 - create IPUIPlugin
2023-10-04 14:42:56,973 [INFO] PluginManager:220 - loadIPPluginJar : add comp
2023-10-04 14:42:56,976 [INFO] IPUIPlugin:80 - create IPUIPlugin
2023-10-04 14:42:56,976 [INFO] PluginManager:220 - loadIPPluginJar : add cryp
2023-10-04 14:42:56,978 [INFO] IPUIPlugin:80 - create IPUIPlugin
2023-10-04 14:42:56,978 [INFO] PluginManager:220 - loadIPPluginJar : add dfsdm
2023-10-04 14:42:56,984 [INFO] IPUIPlugin:80 - create IPUIPlugin
2023-10-04 14:42:56,985 [INFO] PluginManager:220 - loadIPPluginJar : add dma
2023-10-04 14:42:56,988 [INFO] IPUIPlugin:80 - create IPUIPlugin
2023-10-04 14:42:56,988 [INFO] PluginManager:220 - loadIPPluginJar : add dma3
2023-10-04 14:42:56,989 [INFO] IPUIPlugin:80 - create IPUIPlugin
2023-10-04 14:42:56,989 [INFO] PluginManager:220 - loadIPPluginJar : add fatfs
2023-10-04 14:42:56,994 [INFO] IPUIPlugin:80 - create IPUIPlugin
2023-10-04 14:42:56,994 [INFO] PluginManager:220 - loadIPPluginJar : add fmc
2023-10-04 14:42:56,999 [INFO] IPUIPlugin:80 - create IPUIPlugin
2023-10-04 14:42:57,000 [INFO] PluginManager:220 - loadIPPluginJar : add freertos
2023-10-04 14:42:57,002 [INFO] IPUIPlugin:80 - create IPUIPlugin
2023-10-04 14:42:57,002 [INFO] PluginManager:220 - loadIPPluginJar : add genericplugin
2023-10-04 14:42:57,004 [INFO] IPUIPlugin:80 - create IPUIPlugin
2023-10-04 14:42:57,004 [INFO] PluginManager:220 - loadIPPluginJar : add gfxmmu
2023-10-04 14:42:57,009 [INFO] IPUIPlugin:80 - create IPUIPlugin
2023-10-04 14:42:57,009 [INFO] PluginManager:220 - loadIPPluginJar : add gic
2023-10-04 14:42:57,014 [INFO] IPUIPlugin:80 - create IPUIPlugin
2023-10-04 14:42:57,014 [INFO] PluginManager:220 - loadIPPluginJar : add gpio
2023-10-04 14:42:57,017 [INFO] IPUIPlugin:80 - create IPUIPlugin
2023-10-04 14:42:57,017 [INFO] PluginManager:220 - loadIPPluginJar : add gtzc
2023-10-04 14:42:57,019 [INFO] IPUIPlugin:80 - create IPUIPlugin
2023-10-04 14:42:57,020 [INFO] PluginManager:220 - loadIPPluginJar : add hash
2023-10-04 14:42:57,022 [INFO] IPUIPlugin:80 - create IPUIPlugin
2023-10-04 14:42:57,023 [INFO] PluginManager:220 - loadIPPluginJar : add i2c
2023-10-04 14:42:57,025 [INFO] IPUIPlugin:80 - create IPUIPlugin
2023-10-04 14:42:57,025 [INFO] PluginManager:220 - loadIPPluginJar : add i2s
2023-10-04 14:42:57,028 [INFO] IPUIPlugin:80 - create IPUIPlugin
2023-10-04 14:42:57,028 [INFO] PluginManager:220 - loadIPPluginJar : add i3c
2023-10-04 14:42:57,031 [INFO] IPUIPlugin:80 - create IPUIPlugin
2023-10-04 14:42:57,031 [INFO] PluginManager:220 - loadIPPluginJar : add ipddr
2023-10-04 14:42:57,036 [INFO] IPUIPlugin:80 - create IPUIPlugin
2023-10-04 14:42:57,037 [INFO] PluginManager:220 - loadIPPluginJar : add linkedlist
2023-10-04 14:42:57,039 [INFO] IPUIPlugin:80 - create IPUIPlugin
2023-10-04 14:42:57,040 [INFO] PluginManager:220 - loadIPPluginJar : add lorawan
2023-10-04 14:42:57,041 [INFO] IPUIPlugin:80 - create IPUIPlugin
2023-10-04 14:42:57,042 [INFO] PluginManager:220 - loadIPPluginJar : add ltdc
2023-10-04 14:42:57,047 [INFO] IPUIPlugin:80 - create IPUIPlugin
2023-10-04 14:42:57,047 [INFO] PluginManager:220 - loadIPPluginJar : add mdma
2023-10-04 14:42:57,051 [INFO] IPUIPlugin:80 - create IPUIPlugin
2023-10-04 14:42:57,051 [INFO] PluginManager:220 - loadIPPluginJar : add nvic
2023-10-04 14:42:57,054 [INFO] IPUIPlugin:80 - create IPUIPlugin
2023-10-04 14:42:57,054 [INFO] PluginManager:220 - loadIPPluginJar : add opamp
2023-10-04 14:42:57,058 [INFO] IPUIPlugin:80 - create IPUIPlugin
2023-10-04 14:42:57,058 [INFO] PluginManager:220 - loadIPPluginJar : add openamp
2023-10-04 14:42:57,065 [INFO] IPUIPlugin:80 - create IPUIPlugin
2023-10-04 14:42:57,065 [INFO] PluginManager:220 - loadIPPluginJar : add pdm2pcm
2023-10-04 14:42:57,074 [INFO] IPUIPlugin:80 - create IPUIPlugin
2023-10-04 14:42:57,077 [INFO] PluginManager:220 - loadIPPluginJar : add plateformsettings
2023-10-04 14:42:57,079 [INFO] IPUIPlugin:80 - create IPUIPlugin
2023-10-04 14:42:57,079 [INFO] PluginManager:220 - loadIPPluginJar : add quadspi
2023-10-04 14:42:57,083 [INFO] IPUIPlugin:80 - create IPUIPlugin
2023-10-04 14:42:57,083 [INFO] PluginManager:220 - loadIPPluginJar : add resmgrutility
2023-10-04 14:42:57,085 [INFO] IPUIPlugin:80 - create IPUIPlugin
2023-10-04 14:42:57,085 [INFO] PluginManager:220 - loadIPPluginJar : add sai
2023-10-04 14:42:57,087 [INFO] IPUIPlugin:80 - create IPUIPlugin
2023-10-04 14:42:57,087 [INFO] PluginManager:220 - loadIPPluginJar : add spi
2023-10-04 14:42:57,090 [INFO] IPUIPlugin:80 - create IPUIPlugin
2023-10-04 14:42:57,090 [INFO] PluginManager:220 - loadIPPluginJar : add stm32_wpan
2023-10-04 14:42:57,092 [INFO] IPUIPlugin:80 - create IPUIPlugin
2023-10-04 14:42:57,092 [INFO] PluginManager:220 - loadIPPluginJar : add tim
2023-10-04 14:42:57,095 [INFO] IPUIPlugin:80 - create IPUIPlugin
2023-10-04 14:42:57,095 [INFO] PluginManager:220 - loadIPPluginJar : add touchsensing
2023-10-04 14:42:57,097 [INFO] IPUIPlugin:80 - create IPUIPlugin
2023-10-04 14:42:57,097 [INFO] PluginManager:220 - loadIPPluginJar : add tracer_emb
2023-10-04 14:42:57,099 [INFO] IPUIPlugin:80 - create IPUIPlugin
2023-10-04 14:42:57,099 [INFO] PluginManager:220 - loadIPPluginJar : add ts
2023-10-04 14:42:57,101 [INFO] IPUIPlugin:80 - create IPUIPlugin
2023-10-04 14:42:57,101 [INFO] PluginManager:220 - loadIPPluginJar : add tsc
2023-10-04 14:42:57,102 [INFO] IPUIPlugin:80 - create IPUIPlugin
2023-10-04 14:42:57,102 [INFO] PluginManager:220 - loadIPPluginJar : add ucpd
2023-10-04 14:42:57,104 [INFO] IPUIPlugin:80 - create IPUIPlugin
2023-10-04 14:42:57,104 [INFO] PluginManager:220 - loadIPPluginJar : add usart
2023-10-04 14:42:57,106 [INFO] IPUIPlugin:80 - create IPUIPlugin
2023-10-04 14:42:57,106 [INFO] PluginManager:220 - loadIPPluginJar : add usbx
2023-10-04 14:42:57,199 [INFO] CADModel:165 - CPN selected for project level
2023-10-04 14:42:57,199 [INFO] CADModel:114 - Register for checkConnection events
2023-10-04 14:42:57,199 [FATAL] Updater:308 - Updater called before beeing initialized
2023-10-04 14:42:57,199 [ERROR] CADModel:125 - Updater not yet initialized, retry later 
2023-10-04 14:42:57,283 [INFO] CADModel:165 - CPN selected for project level
2023-10-04 14:42:57,283 [INFO] CADModel:114 - Register for checkConnection events
2023-10-04 14:42:57,284 [FATAL] Updater:308 - Updater called before beeing initialized
2023-10-04 14:42:57,284 [ERROR] CADModel:125 - Updater not yet initialized, retry later 
2023-10-04 14:42:57,286 [FATAL] Updater:308 - Updater called before beeing initialized
2023-10-04 14:42:57,363 [FATAL] Updater:308 - Updater called before beeing initialized
2023-10-04 14:42:57,369 [INFO] DbMcusAds:53 - JSON generation date=Tue Mar 07 11:50:55 MSK 2023 (1678179055114)
2023-10-04 14:42:57,369 [FATAL] Updater:308 - Updater called before beeing initialized
2023-10-04 14:42:57,395 [WARN] DetailPanel:346 - Failed to get advertising image, set to default
2023-10-04 14:42:57,458 [FATAL] Updater:308 - Updater called before beeing initialized
2023-10-04 14:42:57,460 [FATAL] Updater:308 - Updater called before beeing initialized
2023-10-04 14:42:57,460 [FATAL] Updater:308 - Updater called before beeing initialized
2023-10-04 14:42:57,460 [WARN] DetailPanel:346 - Failed to get advertising image, set to default
2023-10-04 14:42:57,461 [FATAL] Updater:308 - Updater called before beeing initialized
2023-10-04 14:42:57,488 [ERROR] Updater:1120 - MainUpdater not yet initialized. External WinMGr cannot be set.
2023-10-04 14:42:57,490 [INFO] Updater:1056 - Updater Version found : 6.9.1
2023-10-04 14:42:57,504 [INFO] ApplicationProperties:184 - Using Application install path: /opt/stm32cubeide/plugins/com.st.stm32cube.common.mx_6.9.1.202307191849
2023-10-04 14:42:57,591 [ERROR] ServerAccessManage:1146 - Warning during Server Connection :  Unknown host sw-center.st.com
2023-10-04 14:42:57,593 [INFO] MainUpdater:2868 - connection check result : 22
2023-10-04 14:42:57,594 [INFO] MainUpdater:285 - Updater Check For Update Now.
2023-10-04 14:42:57,594 [INFO] MicroXplorer:498 - Change Database Version : DB.6.0.91
2023-10-04 14:42:57,599 [INFO] McuFinderGlobals:63 - Set McuFinder mode to 2 (CubeIDE integrated)
2023-10-04 14:42:57,797 [INFO] CheckServerUpdateThread:120 - End of CheckServer Thread
2023-10-04 14:42:59,394 [WARN] PackLoader:240 - Cannot read IP mode file for STMicroelectronics.X-CUBE-SMBUS.2.1.0
2023-10-04 14:42:59,433 [WARN] PackLoader:240 - Cannot read IP mode file for STMicroelectronics.X-CUBE-AZRTOS-F7.1.1.0
2023-10-04 14:42:59,446 [WARN] PackLoader:240 - Cannot read IP mode file for STMicroelectronics.FP-SNS-MOTENV1.4.3.2
2023-10-04 14:42:59,454 [WARN] PackLoader:240 - Cannot read IP mode file for STMicroelectronics.FP-SNS-FLIGHT1.5.0.2
2023-10-04 14:42:59,473 [WARN] PackLoader:240 - Cannot read IP mode file for STMicroelectronics.X-CUBE-DISPLAY.3.0.0
2023-10-04 14:42:59,488 [WARN] PackLoader:240 - Cannot read IP mode file for STMicroelectronics.X-CUBE-BLE1.7.0.0
2023-10-04 14:42:59,499 [WARN] PackLoader:240 - Cannot read IP mode file for emotas.I-CUBE-CANOPEN.1.3.0
2023-10-04 14:42:59,504 [WARN] PackLoader:240 - Cannot read IP mode file for STMicroelectronics.X-CUBE-TOUCHGFX.4.22.0
2023-10-04 14:42:59,506 [WARN] PackLoader:240 - Cannot read IP mode file for STMicroelectronics.X-CUBE-TOUCHGFX.4.22.1
2023-10-04 14:42:59,509 [WARN] PackLoader:240 - Cannot read IP mode file for STMicroelectronics.FP-SNS-SMARTAG2.1.2.0
2023-10-04 14:42:59,518 [INFO] LogOutputStream:77 - [STDOUT_REDIRECT] 1 : Invalid condition id : UX_CORESTACK_Condition cause : null
2023-10-04 14:42:59,519 [INFO] LogOutputStream:77 - [STDOUT_REDIRECT] 1 : Invalid condition id : UX_CORESTACK_Condition cause : null
2023-10-04 14:42:59,519 [INFO] LogOutputStream:77 - [STDOUT_REDIRECT] 1 : Invalid condition id : UX_CORESTACK_Condition cause : null
2023-10-04 14:42:59,520 [INFO] LogOutputStream:77 - [STDOUT_REDIRECT] 1 : Invalid condition id : UX_CORESTACK_Condition cause : null
2023-10-04 14:42:59,520 [INFO] LogOutputStream:77 - [STDOUT_REDIRECT] 1 : Invalid condition id : UX_CORESTACK_Condition cause : null
2023-10-04 14:42:59,524 [WARN] PackLoader:240 - Cannot read IP mode file for STMicroelectronics.X-CUBE-AZRTOS-WL.2.0.0
2023-10-04 14:42:59,531 [WARN] PackLoader:240 - Cannot read IP mode file for WES.I-CUBE-Cesium.1.3.0
2023-10-04 14:42:59,535 [WARN] PackLoader:240 - Cannot read IP mode file for STMicroelectronics.X-CUBE-BLE2.3.3.0
2023-10-04 14:42:59,541 [WARN] PackLoader:240 - Cannot read IP mode file for STMicroelectronics.X-CUBE-ALGOBUILD.1.3.0
2023-10-04 14:42:59,556 [WARN] PackLoader:240 - Cannot read IP mode file for STMicroelectronics.X-CUBE-AZRTOS-G0.1.1.0
2023-10-04 14:42:59,563 [WARN] PackLoader:240 - Cannot read IP mode file for STMicroelectronics.X-CUBE-NFC4.3.0.0
2023-10-04 14:42:59,567 [WARN] PackLoader:240 - Cannot read IP mode file for STMicroelectronics.FP-ATR-SIGFOX1.3.2.0
2023-10-04 14:42:59,596 [WARN] PackLoader:240 - Cannot read IP mode file for SEGGER.I-CUBE-embOS.1.3.1
2023-10-04 14:42:59,629 [WARN] PackLoader:240 - Cannot read IP mode file for STMicroelectronics.X-CUBE-GNSS1.6.0.0
2023-10-04 14:42:59,643 [WARN] PackLoader:240 - Cannot read IP mode file for STMicroelectronics.X-CUBE-AZRTOS-F4.1.1.0
2023-10-04 14:42:59,647 [WARN] PackLoader:240 - Cannot read IP mode file for wolfSSL.I-CUBE-wolfSSL.5.6.3
2023-10-04 14:42:59,659 [WARN] PackLoader:240 - Cannot read IP mode file for STMicroelectronics.X-CUBE-AZRTOS-L5.2.0.0
2023-10-04 14:42:59,706 [WARN] PackLoader:240 - Cannot read IP mode file for STMicroelectronics.X-CUBE-MEMS1.9.6.0
2023-10-04 14:42:59,909 [WARN] PackLoader:240 - Cannot read IP mode file for ITTIA_DB.I-CUBE-ITTIADB.8.8.0
2023-10-04 14:42:59,915 [WARN] PackLoader:240 - Cannot read IP mode file for STMicroelectronics.X-CUBE-BLEMGR.2.0.0
2023-10-04 14:42:59,928 [WARN] ConditionMgr:438 - getConditionDescription Invalid condition id : UX DEVICE CLASS RTOS Condition cause : null
2023-10-04 14:42:59,928 [WARN] ConditionMgr:438 - getConditionDescription Invalid condition id : UX DEVICE CLASS RTOS Condition cause : null
2023-10-04 14:42:59,934 [WARN] PackLoader:240 - Cannot read IP mode file for STMicroelectronics.X-CUBE-AZRTOS-H7.3.1.0
2023-10-04 14:42:59,935 [WARN] ConditionMgr:1039 - genDependencies : Invalid condition id : UX DEVICE CLASS RTOS Condition cause : null
2023-10-04 14:42:59,936 [WARN] ConditionMgr:1039 - genDependencies : Invalid condition id : UX DEVICE CLASS RTOS Condition cause : null
2023-10-04 14:42:59,937 [WARN] ConditionMgr:1039 - genDependencies : Invalid condition id : UX DEVICE CLASS RTOS Condition cause : null
2023-10-04 14:42:59,937 [WARN] ConditionMgr:1039 - genDependencies : Invalid condition id : UX DEVICE CLASS RTOS Condition cause : null
2023-10-04 14:42:59,937 [WARN] ConditionMgr:1039 - genDependencies : Invalid condition id : UX DEVICE CLASS RTOS Condition cause : null
2023-10-04 14:42:59,942 [WARN] PackLoader:240 - Cannot read IP mode file for STMicroelectronics.X-CUBE-NFC7.1.0.1
2023-10-04 14:42:59,947 [WARN] PackLoader:240 - Cannot read IP mode file for STMicroelectronics.X-CUBE-NFC6.3.0.0
2023-10-04 14:42:59,952 [WARN] PackLoader:240 - Cannot read IP mode file for STMicroelectronics.X-CUBE-EEPRMA1.4.1.0
2023-10-04 14:42:59,962 [WARN] PackLoader:240 - Cannot read IP mode file for STMicroelectronics.X-CUBE-AI.8.1.0
2023-10-04 14:42:59,981 [WARN] ConditionMgr:438 - getConditionDescription Invalid condition id : LAN8742 Phy interface Condition cause : null
2023-10-04 14:42:59,981 [WARN] PackLoader:240 - Cannot read IP mode file for STMicroelectronics.X-CUBE-AZRTOS-L4.2.0.0
2023-10-04 14:42:59,983 [WARN] ConditionMgr:1039 - genDependencies : Invalid condition id : LAN8742 Phy interface Condition cause : null
2023-10-04 14:42:59,983 [WARN] ConditionMgr:1039 - genDependencies : Invalid condition id : LAN8742 Phy interface Condition cause : null
2023-10-04 14:42:59,984 [WARN] ConditionMgr:1039 - genDependencies : Invalid condition id : LAN8742 Phy interface Condition cause : null
2023-10-04 14:42:59,991 [WARN] PackLoader:240 - Cannot read IP mode file for STMicroelectronics.X-CUBE-SFXS2LP1.4.0.0
2023-10-04 14:42:59,995 [WARN] PackLoader:240 - Cannot read IP mode file for STMicroelectronics.X-CUBE-ISPU.1.1.0
2023-10-04 14:43:00,011 [WARN] ConditionMgr:438 - getConditionDescription Invalid condition id : UX DEVICE CLASS RTOS Condition cause : null
2023-10-04 14:43:00,012 [WARN] ConditionMgr:438 - getConditionDescription Invalid condition id : UX DEVICE CLASS RTOS Condition cause : null
2023-10-04 14:43:00,015 [WARN] PackLoader:240 - Cannot read IP mode file for STMicroelectronics.X-CUBE-AZRTOS-WB.2.0.0
2023-10-04 14:43:00,016 [WARN] ConditionMgr:1039 - genDependencies : Invalid condition id : UX DEVICE CLASS RTOS Condition cause : null
2023-10-04 14:43:00,016 [WARN] ConditionMgr:1039 - genDependencies : Invalid condition id : UX DEVICE CLASS RTOS Condition cause : null
2023-10-04 14:43:00,017 [WARN] ConditionMgr:1039 - genDependencies : Invalid condition id : UX DEVICE CLASS RTOS Condition cause : null
2023-10-04 14:43:00,018 [WARN] ConditionMgr:1039 - genDependencies : Invalid condition id : UX DEVICE CLASS RTOS Condition cause : null
2023-10-04 14:43:00,018 [WARN] ConditionMgr:1039 - genDependencies : Invalid condition id : UX DEVICE CLASS RTOS Condition cause : null
2023-10-04 14:43:00,029 [WARN] PackLoader:240 - Cannot read IP mode file for STMicroelectronics.X-CUBE-SUBG2.5.0.0
2023-10-04 14:43:00,044 [WARN] PackLoader:240 - Cannot read IP mode file for STMicroelectronics.X-CUBE-TOF1.3.3.1
2023-10-04 14:43:00,072 [WARN] PackLoader:240 - Cannot read IP mode file for STMicroelectronics.X-CUBE-AZRTOS-G4.2.0.0
2023-10-04 14:43:00,079 [WARN] PackLoader:240 - Cannot read IP mode file for STMicroelectronics.X-CUBE-FREERTOS.1.1.0
2023-10-04 14:43:00,083 [WARN] PackLoader:240 - Cannot read IP mode file for portGmbH.I-Cube-SoM-uGOAL.1.1.0
2023-10-04 14:43:00,086 [WARN] PackLoader:240 - Cannot read IP mode file for STMicroelectronics.X-CUBE-ALS.1.0.1
2023-10-04 14:43:00,089 [WARN] PackLoader:240 - Cannot read IP mode file for STMicroelectronics.FP-ATR-ASTRA1.2.0.0
2023-10-04 14:43:00,090 [INFO] ThirdParty:978 - Integrity check success = true
2023-10-04 14:43:00,090 [INFO] IntegrityCheckThread:100 - exiting critical section [integrity check]
2023-10-04 14:43:00,091 [INFO] IntegrityCheckThread:103 - End integrity checks thread
2023-10-04 14:43:18,026 [ERROR] LogOutputStream:75 - [STDERR_REDIRECT] SLF4J: Failed to load class "org.slf4j.impl.StaticLoggerBinder".
2023-10-04 14:43:18,026 [ERROR] LogOutputStream:75 - [STDERR_REDIRECT] SLF4J: Defaulting to no-operation (NOP) logger implementation
2023-10-04 14:43:18,026 [ERROR] LogOutputStream:75 - [STDERR_REDIRECT] SLF4J: See http://www.slf4j.org/codes.html#StaticLoggerBinder for further details.
2023-10-04 14:43:18,809 [ERROR] ConfigurationRetriever:142 - IOException on connection: sw-center.st.com
2023-10-04 14:43:18,811 [ERROR] ConfigurationRetriever:142 - IOException on connection: sw-center.st.com
2023-10-04 14:43:18,812 [ERROR] ConfigurationRetriever:142 - IOException on connection: sw-center.st.com
2023-10-04 14:46:02,934 [ERROR] ConfigurationRetriever:142 - IOException on connection: sw-center.st.com
2023-10-04 14:46:02,937 [ERROR] ConfigurationRetriever:142 - IOException on connection: sw-center.st.com
2023-10-04 14:46:02,938 [ERROR] ConfigurationRetriever:142 - IOException on connection: sw-center.st.com
2023-10-04 14:46:03,477 [ERROR] ConfigurationRetriever:142 - IOException on connection: sw-center.st.com
2023-10-04 14:46:03,482 [ERROR] ConfigurationRetriever:142 - IOException on connection: sw-center.st.com
2023-10-04 14:46:03,484 [ERROR] ConfigurationRetriever:142 - IOException on connection: sw-center.st.com
2023-10-04 14:51:18,848 [INFO] McuFinderGlobals:63 - Set McuFinder mode to 2 (CubeIDE integrated)
2023-10-04 14:51:21,287 [INFO] MainUpdater:2868 - connection check result : 22
2023-10-04 14:51:21,288 [INFO] MainUpdater:2868 - connection check result : 22
2023-10-04 14:51:55,797 [INFO] MainUpdater:2868 - connection check result : 10
2023-10-04 14:51:55,849 [INFO] MicroXplorer:468 - Change Database Path : 
2023-10-04 14:51:55,849 [INFO] MicroXplorer:498 - Change Database Version : DB.6.0.91
2023-10-04 14:51:55,852 [WARN] ThirdParty:871 - waiting for thirdparty lock release [close project]
2023-10-04 14:51:55,852 [INFO] ThirdParty:873 - entering critical section [close project]
2023-10-04 14:51:55,858 [INFO] ThirdParty:883 - exiting critical section [close project]
2023-10-04 14:51:55,868 [INFO] PinOutPanel:1499 - setPackage(No Configuration,No Configuration)
2023-10-04 14:51:55,886 [INFO] UtilMem:75 - Begin LoadConfig() Used Memory: 146811944 Bytes (276824064)
2023-10-04 14:51:55,887 [INFO] MicroXplorer:468 - Change Database Path : 
2023-10-04 14:51:55,887 [INFO] MicroXplorer:498 - Change Database Version : DB.6.0.91
2023-10-04 14:51:55,888 [INFO] OpenFileManager:308 - Change cursor
2023-10-04 14:51:55,953 [INFO] Mcu:1946 - Initializing MCU STM32F103C(8-B)Tx STM32F103C8Tx STM32F103C8T6
2023-10-04 14:51:58,520 [INFO] Context:659 - Trying to add GPIOservice into a context  which must be forbidden
2023-10-04 14:52:00,016 [INFO] RtosManager:555 - Registered RTOS mode: class=CMSIS, group=RTOS, mode=CMSIS_V1, owner=FREERTOS
2023-10-04 14:52:00,016 [INFO] RtosManager:555 - Registered RTOS mode: class=CMSIS, group=RTOS2, mode=CMSIS_V2, owner=FREERTOS
2023-10-04 14:52:00,017 [INFO] RtosManager:555 - Registered RTOS mode: class=RTOS, group=Core, mode=CMSIS_V1, owner=FREERTOS
2023-10-04 14:52:00,017 [INFO] RtosManager:555 - Registered RTOS mode: class=RTOS, group=Core, mode=CMSIS_V2, owner=FREERTOS
2023-10-04 14:52:00,020 [WARN] ModelIntegratedComponent:184 - Missing modes for component STMicroelectronics:FreeRTOS:0.0.1:STMicroelectronics:RTOS:FreeRTOS:Core:::10.2.0:
2023-10-04 14:52:00,069 [WARN] ModelIntegratedComponent:63 - No mode defined for component null
2023-10-04 14:52:00,071 [WARN] ModelIntegratedComponent:63 - No mode defined for component null
2023-10-04 14:52:00,072 [WARN] ModelIntegratedComponent:63 - No mode defined for component null
2023-10-04 14:52:00,073 [WARN] ModelIntegratedComponent:63 - No mode defined for component null
2023-10-04 14:52:00,075 [WARN] ModelIntegratedComponent:63 - No mode defined for component null
2023-10-04 14:52:00,076 [WARN] ModelIntegratedComponent:63 - No mode defined for component null
2023-10-04 14:52:00,076 [WARN] ModelIntegratedComponent:63 - No mode defined for component null
2023-10-04 14:52:00,077 [WARN] ModelIntegratedComponent:63 - No mode defined for component null
2023-10-04 14:52:00,077 [WARN] ModelIntegratedComponent:63 - No mode defined for component null
2023-10-04 14:52:00,077 [WARN] ModelIntegratedComponent:63 - No mode defined for component null
2023-10-04 14:52:00,077 [WARN] ModelIntegratedComponent:63 - No mode defined for component null
2023-10-04 14:52:00,077 [WARN] ModelIntegratedComponent:63 - No mode defined for component null
2023-10-04 14:52:00,077 [WARN] ModelIntegratedComponent:63 - No mode defined for component null
2023-10-04 14:52:00,077 [WARN] ModelIntegratedComponent:63 - No mode defined for component null
2023-10-04 14:52:00,077 [WARN] ModelIntegratedComponent:63 - No mode defined for component null
2023-10-04 14:52:00,077 [WARN] ModelIntegratedComponent:63 - No mode defined for component null
2023-10-04 14:52:00,078 [WARN] ModelIntegratedComponent:63 - No mode defined for component null
2023-10-04 14:52:00,078 [WARN] ModelIntegratedComponent:63 - No mode defined for component null
2023-10-04 14:52:00,078 [WARN] ModelIntegratedComponent:63 - No mode defined for component null
2023-10-04 14:52:00,078 [WARN] ModelIntegratedComponent:63 - No mode defined for component null
2023-10-04 14:52:00,078 [WARN] ModelIntegratedComponent:63 - No mode defined for component null
2023-10-04 14:52:00,078 [WARN] ModelIntegratedComponent:63 - No mode defined for component null
2023-10-04 14:52:00,078 [WARN] ModelIntegratedComponent:63 - No mode defined for component null
2023-10-04 14:52:00,078 [WARN] ModelIntegratedComponent:63 - No mode defined for component null
2023-10-04 14:52:00,079 [WARN] ModelIntegratedComponent:63 - No mode defined for component null
2023-10-04 14:52:00,079 [WARN] ModelIntegratedComponent:63 - No mode defined for component null
2023-10-04 14:52:00,079 [WARN] ModelIntegratedComponent:63 - No mode defined for component null
2023-10-04 14:52:00,079 [WARN] ModelIntegratedComponent:63 - No mode defined for component null
2023-10-04 14:52:00,080 [WARN] ModelIntegratedComponent:63 - No mode defined for component null
2023-10-04 14:52:00,081 [WARN] ModelIntegratedComponent:63 - No mode defined for component null
2023-10-04 14:52:00,082 [WARN] ModelIntegratedComponent:63 - No mode defined for component null
2023-10-04 14:52:00,082 [WARN] ModelIntegratedComponent:63 - No mode defined for component null
2023-10-04 14:52:00,082 [WARN] ModelIntegratedComponent:63 - No mode defined for component null
2023-10-04 14:52:00,155 [INFO] ThirdPartyModel:298 - Start build external matchings
2023-10-04 14:52:00,564 [INFO] ThirdPartyModel:316 - End build external matchings
2023-10-04 14:52:00,719 [INFO] UtilMem:75 - End LoadConfig() Used Memory: 153643184 Bytes (386924544)
2023-10-04 14:52:00,930 [INFO] ApiDb:581 - Connected to CubeFinder SQLite database (/home/hronoz/.stmcufinder/plugins/mcufinder/mcu/cube-finder-db.db)
2023-10-04 14:52:01,062 [INFO] ApiDb:668 - CubeFinder database Data Model version=2.1
2023-10-04 14:52:01,063 [INFO] ApiDb:669 - CubeFinder database Configuration version=3.0.37
2023-10-04 14:52:01,065 [INFO] ApiDb:670 - CubeFinder database generation date=2023-08-09 (1691586011)
2023-10-04 14:52:01,065 [INFO] ApiDb:671 - CubeFinder database FW Pack versions=[FP-ATR-ASTRA1_V2.0.0, FP-SNS-FLIGHT1_V5.0.1, FP-SNS-FLIGHT1_V5.0.2, FP-SNS-MOTENV1_V4.3.1, FP-SNS-MOTENV1_V4.3.2, STM32Cube_FW_C0_V1.1.0, STM32Cube_FW_F4_V1.27.1, STM32Cube_FW_F7_V1.17.0, STM32Cube_FW_G0_V1.6.1, STM32Cube_FW_G4_V1.5.1, STM32Cube_FW_H5_V0.5.1, STM32Cube_FW_H5_V1.1.0, STM32Cube_FW_H7_V1.11.0, STM32Cube_FW_L0_V1.12.2, STM32Cube_FW_L5_V1.5.0, STM32Cube_FW_U5_V1.3.0, STM32Cube_FW_U5_V1.3.0RC4, STM32Cube_FW_WBA_V1.0.0RC1, STM32Cube_FW_WBA_V1.1.0, STM32Cube_FW_WBA_V1.1.0RC1, STM32Cube_FW_WB_V1.15.0RC1, STM32Cube_FW_WB_V1.16.0, STM32Cube_FW_WB_V1.16.0RC2, STM32Cube_FW_WB_V1.17.0, STM32Cube_FW_WL_V1.3.0, X-CUBE-ALGOBUILD_V1.3.0, X-CUBE-ALS_V1.0.1, X-CUBE-AZRTOS-F4_V1.1.0, X-CUBE-AZRTOS-F7_V1.1.0, X-CUBE-AZRTOS-G0_V1.1.0, X-CUBE-AZRTOS-G4_V2.0.0, X-CUBE-AZRTOS-H7_V3.1.0, X-CUBE-AZRTOS-L4_V1.0.0, X-CUBE-AZRTOS-L4_V2.0.0, X-CUBE-AZRTOS-L5_V1.1.0, X-CUBE-AZRTOS-WB_V1.1.0, X-CUBE-AZRTOS-WL_V2.0.0, X-CUBE-BLE1_V7.0.0, X-CUBE-BLE2_V3.3.0, X-CUBE-BLEMGR_V2.0.0, X-CUBE-EEPRMA1_V4.1.0, X-CUBE-FREERTOS_V1.1.0, X-CUBE-GNSS1_V6.0.0, X-CUBE-MEMS1_V9.1.0, X-CUBE-MEMS1_V9.4.0, X-CUBE-MEMS1_V9.6.0, X-CUBE-NFC4_V3.0.0, X-CUBE-NFC7_V1.0.0, X-CUBE-SFXS2LP1_V4.0.0, X-CUBE-SUBG2_V5.0.0, X-CUBE-TOF1_V3.3.1]
2023-10-04 14:52:02,908 [INFO] ApiDb:240 - Found 323 in-development CPN: [B-G473E-ZEST1S, B-WB1M-WPAN1, B-WL5M-SUBG1, NUCLEO-C031C6, NUCLEO-H503RB, NUCLEO-H563ZI, NUCLEO-U545RE-Q, NUCLEO-U5A5ZJ-Q, NUCLEO-WBA52CG, STEVAL-PROTEUS1, STEVAL-SMARTAG2, STEVAL-STWINBX1, STM320518-EVAL, STM32C0116-DK, STM32C011D6Y3TR, STM32C011D6Y6TR, STM32C011F4P3, STM32C011F4P6, STM32C011F4U3, STM32C011F4U6TR, STM32C011F6P3, STM32C011F6P6, STM32C011F6U3, STM32C011F6U6TR, STM32C011J4M3, STM32C011J4M6, STM32C011J6M3, STM32C011J6M6, STM32C0316-DK, STM32C031C4T3, STM32C031C4T6, STM32C031C4U3, STM32C031C4U6, STM32C031C6T3, STM32C031C6T6, STM32C031C6U3, STM32C031C6U6, STM32C031F4P3, STM32C031F4P6, STM32C031F6P3, STM32C031F6P6, STM32C031G4U3, STM32C031G4U6, STM32C031G6U3, STM32C031G6U6, STM32C031K4T3, STM32C031K4T6, STM32C031K4U3, STM32C031K4U6, STM32C031K6T3, STM32C031K6T6, STM32C031K6U3, STM32C031K6U6, STM32G071K8TXN, STM32G071K8UXN, STM32G081GBU6N, STM32G081KBT6N, STM32G081KBUXN, STM32G0B1CCT6N, STM32G0B1KCT6, STM32G0B1NEY6TR, STM32G0B1RCT6N, STM32G0C1CCT6, STM32G0C1CCT6N, STM32G0C1CCU6N, STM32G0C1CET6N, STM32G0C1CEU6N, STM32G0C1KCT6, STM32G0C1NEY6TR, STM32G0C1RCI6N, STM32G0C1RCT6N, STM32G0C1REI6N, STM32G0C1RET6N, STM32G0C1VCI6, STM32G0C1VEI6, STM32G471CCT6, STM32G471CCU6, STM32G471CET3, STM32G471CET6, STM32G471CEU3, STM32G471CEU6, STM32G471MCT6, STM32G471MET3, STM32G471MET6, STM32G471MEY6TR, STM32G471QCT6, STM32G471QET3, STM32G471RCT6, STM32G471RET3, STM32G471RET6, STM32G471VCH6, STM32G471VCI6, STM32G471VCT6, STM32G471VEH3, STM32G471VEH6, STM32G471VEI3, STM32G471VEI6, STM32G471VET3, STM32G471VET6, STM32G474CCT6, STM32H503CBT6, STM32H503CBU6, STM32H503EBY6TR, STM32H503KBU6, STM32H503RBT6, STM32H562AGI6, STM32H562AII6, STM32H562IGK6, STM32H562IGT6, STM32H562IIK6, STM32H562IIT6, STM32H562RGT6, STM32H562RGV6, STM32H562RIT6, STM32H562RIV6, STM32H562VGT6, STM32H562VIT6, STM32H562ZGT6, STM32H562ZIT6, STM32H563AGI6, STM32H563AII3Q, STM32H563AII6, STM32H563IGK6, STM32H563IGT6, STM32H563IIK3Q, STM32H563IIK6, STM32H563IIT3Q, STM32H563IIT6, STM32H563MIY3QTR, STM32H563RGT6, STM32H563RGV6, STM32H563RIT6, STM32H563RIV6, STM32H563VGT6, STM32H563VIT3Q, STM32H563VIT6, STM32H563ZGT6, STM32H563ZIT3Q, STM32H563ZIT6, STM32H573AII3Q, STM32H573AII6, STM32H573I-DK, STM32H573IIK3Q, STM32H573IIK6, STM32H573IIT3Q, STM32H573IIT6, STM32H573MIY3QTR, STM32H573RIT6, STM32H573RIV6, STM32H573VIT3Q, STM32H573VIT6, STM32H573ZIT3Q, STM32H573ZIT6, STM32L4R5QGI6STR, STM32MP131AAE3, STM32MP131AAF3, STM32MP131AAG3, STM32MP131CAE3, STM32MP131CAF3, STM32MP131CAG3, STM32MP131DAE7, STM32MP131DAF7, STM32MP131DAG7, STM32MP131FAE7, STM32MP131FAF7, STM32MP131FAG7, STM32MP133AAE3, STM32MP133AAF3, STM32MP133AAG3, STM32MP133CAE3, STM32MP133CAF3, STM32MP133CAG3, STM32MP133DAE7, STM32MP133DAF7, STM32MP133DAG7, STM32MP133FAE7, STM32MP133FAF7, STM32MP133FAG7, STM32MP135AAE3, STM32MP135AAF3, STM32MP135AAG3, STM32MP135CAE3, STM32MP135CAF3, STM32MP135CAG3, STM32MP135DAE7, STM32MP135DAF7, STM32MP135DAG7, STM32MP135F-DK, STM32MP135FAE7, STM32MP135FAF7, STM32MP135FAF7T, STM32MP135FAF7U, STM32MP135FAG7, STM32U535CBT6, STM32U535CBT6Q, STM32U535CBU6, STM32U535CBU6Q, STM32U535CCT6, STM32U535CCT6Q, STM32U535CCU6, STM32U535CCU6Q, STM32U535CET6, STM32U535CET6Q, STM32U535CEU6, STM32U535CEU6Q, STM32U535JEY6QTR, STM32U535NCY6QTR, STM32U535NEY6QTR, STM32U535RBI6, STM32U535RBI6Q, STM32U535RBT6, STM32U535RBT6Q, STM32U535RCI6, STM32U535RCI6Q, STM32U535RCT6, STM32U535RCT6Q, STM32U535REI6, STM32U535REI6Q, STM32U535RET6, STM32U535RET6Q, STM32U535VCI6, STM32U535VCI6Q, STM32U535VCT6, STM32U535VCT6Q, STM32U535VEI6, STM32U535VEI6Q, STM32U535VET6, STM32U535VET6Q, STM32U545CET6, STM32U545CET6Q, STM32U545CEU6, STM32U545CEU6Q, STM32U545JEY6QTR, STM32U545NEY6QTR, STM32U545REI6, STM32U545REI6Q, STM32U545RET6, STM32U545RET6Q, STM32U545VEI6, STM32U545VEI6Q, STM32U545VET6, STM32U545VET6Q, STM32U595AIH6, STM32U595AIH6Q, STM32U595AJH6, STM32U595AJH6Q, STM32U595QII6, STM32U595QII6Q, STM32U595QJI6, STM32U595QJI6Q, STM32U595RIT6, STM32U595RIT6Q, STM32U595RJT6, STM32U595RJT6Q, STM32U595VIT6, STM32U595VIT6Q, STM32U595VJT6, STM32U595VJT6Q, STM32U595ZIT6, STM32U595ZIT6Q, STM32U595ZIY6QTR, STM32U595ZJT6, STM32U595ZJT6Q, STM32U595ZJY6QTR, STM32U599BJY6QTR, STM32U599NIH6Q, STM32U599NJH6Q, STM32U599VIT6Q, STM32U599VJT6, STM32U599VJT6Q, STM32U599ZIT6Q, STM32U599ZIY6QTR, STM32U599ZJT6Q, STM32U599ZJY6QTR, STM32U5A5AJH6, STM32U5A5AJH6Q, STM32U5A5QJI6, STM32U5A5QJI6Q, STM32U5A5RJT6, STM32U5A5RJT6Q, STM32U5A5VJT6, STM32U5A5VJT6Q, STM32U5A5ZJT6, STM32U5A5ZJT6Q, STM32U5A5ZJY6QTR, STM32U5A9BJY6QTR, STM32U5A9J-DK, STM32U5A9NJH6Q, STM32U5A9VJT6Q, STM32U5A9ZJT6Q, STM32U5A9ZJY6QTR, STM32U5F7VIT6, STM32U5F7VIT6Q, STM32U5F7VJT6, STM32U5F7VJT6Q, STM32U5F9BJY6QTR, STM32U5F9NJH6Q, STM32U5F9VIT6Q, STM32U5F9VJT6Q, STM32U5F9ZIJ6QTR, STM32U5F9ZIT6Q, STM32U5F9ZJJ6QTR, STM32U5F9ZJT6Q, STM32U5G7VJT6, STM32U5G7VJT6Q, STM32U5G9BJY6QTR, STM32U5G9J-DK1, STM32U5G9J-DK2, STM32U5G9NJH6Q, STM32U5G9VJT6Q, STM32U5G9ZJJ6QTR, STM32U5G9ZJT6Q, STM32WB1MMCH6, STM32WBA52CEU6, STM32WBA52CEU6T, STM32WBA52CGU6, STM32WBA52CGU6T, STM32WBA52KEU6, STM32WBA52KEU6T, STM32WBA52KGU6, STM32WBA52KGU6T, STM32WL5MOCH6, STM32WL5MOCH6TR]
2023-10-04 14:52:02,912 [INFO] DbMcus:217 - Found 3848 MCUs, 3848 are supported
2023-10-04 14:52:02,912 [INFO] ApiDb:423 - Load user favorites file /home/hronoz/.stm32cubeide/favorites.mcus.txt: 0 item(s)
2023-10-04 14:52:02,912 [INFO] ApiDb:427 - User favorites MCUs=[]
2023-10-04 14:52:02,912 [INFO] DbMcus:223 - Set 0 / 0 favorites MCUs
2023-10-04 14:52:03,174 [WARN] ThirdParty:833 - waiting for thirdparty lock release [change project]
2023-10-04 14:52:03,174 [INFO] ThirdParty:835 - entering critical section [change project]
2023-10-04 14:52:03,174 [INFO] ThirdParty:1030 - CMSIS Pack Vendor :STMicroelectronics X-CUBE-ISPU 1.1.0
2023-10-04 14:52:03,174 [INFO] ThirdParty:1030 - CMSIS Pack Vendor :STMicroelectronics USBPD 4.1
2023-10-04 14:52:03,174 [INFO] ThirdParty:1030 - CMSIS Pack Vendor :STMicroelectronics X-CUBE-GNSS1 6.0.0
2023-10-04 14:52:03,175 [INFO] ThirdParty:1030 - CMSIS Pack Vendor :STMicroelectronics USB_HOST 2.0.0
2023-10-04 14:52:03,175 [INFO] ThirdParty:1030 - CMSIS Pack Vendor :STMicroelectronics X-CUBE-AZRTOS-F4 1.1.0
2023-10-04 14:52:03,175 [INFO] ThirdParty:1030 - CMSIS Pack Vendor :STMicroelectronics LIBJPEG 8.0.0
2023-10-04 14:52:03,175 [INFO] ThirdParty:1030 - CMSIS Pack Vendor :wolfSSL I-CUBE-wolfSSL 5.6.3
2023-10-04 14:52:03,175 [INFO] ThirdParty:1030 - CMSIS Pack Vendor :STMicroelectronics X-CUBE-SMBUS 2.1.0
2023-10-04 14:52:03,175 [INFO] ThirdParty:1030 - CMSIS Pack Vendor :STMicroelectronics USB_DEVICE 3.0.0
2023-10-04 14:52:03,175 [INFO] ThirdParty:1030 - CMSIS Pack Vendor :STMicroelectronics X-CUBE-AZRTOS-WB 2.0.0
2023-10-04 14:52:03,175 [INFO] ThirdParty:1030 - CMSIS Pack Vendor :STMicroelectronics X-CUBE-AZRTOS-F7 1.1.0
2023-10-04 14:52:03,175 [INFO] ThirdParty:1030 - CMSIS Pack Vendor :STMicroelectronics X-CUBE-AZRTOS-L5 2.0.0
2023-10-04 14:52:03,175 [INFO] ThirdParty:1030 - CMSIS Pack Vendor :STMicroelectronics USB_DEVICE 2.0.0
2023-10-04 14:52:03,175 [INFO] ThirdParty:1030 - CMSIS Pack Vendor :STMicroelectronics X-CUBE-MEMS1 9.6.0
2023-10-04 14:52:03,175 [INFO] ThirdParty:1030 - CMSIS Pack Vendor :ITTIA_DB I-CUBE-ITTIADB 8.8.0
2023-10-04 14:52:03,175 [INFO] ThirdParty:1030 - CMSIS Pack Vendor :STMicroelectronics FP-SNS-MOTENV1 4.3.2
2023-10-04 14:52:03,175 [INFO] ThirdParty:1030 - CMSIS Pack Vendor :STMicroelectronics X-CUBE-ALGOBUILD 1.3.0
2023-10-04 14:52:03,175 [INFO] ThirdParty:1030 - CMSIS Pack Vendor :STMicroelectronics FreeRTOS 0.0.1
2023-10-04 14:52:03,175 [INFO] ThirdParty:1030 - CMSIS Pack Vendor :STMicroelectronics X-CUBE-AZRTOS-G0 1.1.0
2023-10-04 14:52:03,175 [INFO] ThirdParty:1030 - CMSIS Pack Vendor :STMicroelectronics X-CUBE-BLEMGR 2.0.0
2023-10-04 14:52:03,175 [INFO] ThirdParty:1030 - CMSIS Pack Vendor :STMicroelectronics X-CUBE-NFC4 3.0.0
2023-10-04 14:52:03,175 [INFO] ThirdParty:1030 - CMSIS Pack Vendor :STMicroelectronics X-CUBE-SUBG2 5.0.0
2023-10-04 14:52:03,175 [INFO] ThirdParty:1030 - CMSIS Pack Vendor :STMicroelectronics STM32_WPAN 1.0.0
2023-10-04 14:52:03,175 [INFO] ThirdParty:1030 - CMSIS Pack Vendor :STMicroelectronics lwIP 2.0.3
2023-10-04 14:52:03,176 [INFO] ThirdParty:1030 - CMSIS Pack Vendor :STMicroelectronics FP-SNS-FLIGHT1 5.0.2
2023-10-04 14:52:03,176 [INFO] ThirdParty:1030 - CMSIS Pack Vendor :STMicroelectronics USB_HOST 1.0.0
2023-10-04 14:52:03,176 [INFO] ThirdParty:1030 - CMSIS Pack Vendor :STMicroelectronics X-CUBE-TOF1 3.3.1
2023-10-04 14:52:03,176 [INFO] ThirdParty:1030 - CMSIS Pack Vendor :STMicroelectronics X-CUBE-AZRTOS-G4 2.0.0
2023-10-04 14:52:03,176 [INFO] ThirdParty:1030 - CMSIS Pack Vendor :STMicroelectronics PDM2PCM 3.1.0
2023-10-04 14:52:03,176 [INFO] ThirdParty:1030 - CMSIS Pack Vendor :STMicroelectronics X-CUBE-AZRTOS-H7 3.1.0
2023-10-04 14:52:03,176 [INFO] ThirdParty:1030 - CMSIS Pack Vendor :STMicroelectronics PDM2PCM 3.3.0
2023-10-04 14:52:03,176 [INFO] ThirdParty:1030 - CMSIS Pack Vendor :STMicroelectronics X-CUBE-DISPLAY 3.0.0
2023-10-04 14:52:03,176 [INFO] ThirdParty:1030 - CMSIS Pack Vendor :STMicroelectronics X-CUBE-BLE1 7.0.0
2023-10-04 14:52:03,176 [INFO] ThirdParty:1030 - CMSIS Pack Vendor :STMicroelectronics FP-ATR-SIGFOX1 3.2.0
2023-10-04 14:52:03,176 [INFO] ThirdParty:1030 - CMSIS Pack Vendor :STMicroelectronics HAL Drivers 0.0.0
2023-10-04 14:52:03,176 [INFO] ThirdParty:1030 - CMSIS Pack Vendor :STMicroelectronics MBEDTLS 2.16.2
2023-10-04 14:52:03,176 [INFO] ThirdParty:1030 - CMSIS Pack Vendor :emotas I-CUBE-CANOPEN 1.3.0
2023-10-04 14:52:03,176 [INFO] ThirdParty:1030 - CMSIS Pack Vendor :STMicroelectronics X-CUBE-FREERTOS 1.1.0
2023-10-04 14:52:03,176 [INFO] ThirdParty:1030 - CMSIS Pack Vendor :STMicroelectronics X-CUBE-TOUCHGFX 4.22.0
2023-10-04 14:52:03,176 [INFO] ThirdParty:1030 - CMSIS Pack Vendor :STMicroelectronics X-CUBE-NFC7 1.0.1
2023-10-04 14:52:03,176 [INFO] ThirdParty:1030 - CMSIS Pack Vendor :STMicroelectronics MBEDTLS 2.14.1
2023-10-04 14:52:03,176 [INFO] ThirdParty:1030 - CMSIS Pack Vendor :STMicroelectronics X-CUBE-TOUCHGFX 4.22.1
2023-10-04 14:52:03,176 [INFO] ThirdParty:1030 - CMSIS Pack Vendor :STMicroelectronics X-CUBE-NFC6 3.0.0
2023-10-04 14:52:03,176 [INFO] ThirdParty:1030 - CMSIS Pack Vendor :STMicroelectronics X-CUBE-EEPRMA1 4.1.0
2023-10-04 14:52:03,177 [INFO] ThirdParty:1030 - CMSIS Pack Vendor :portGmbH I-Cube-SoM-uGOAL 1.1.0
2023-10-04 14:52:03,177 [INFO] ThirdParty:1030 - CMSIS Pack Vendor :STMicroelectronics X-CUBE-ALS 1.0.1
2023-10-04 14:52:03,177 [INFO] ThirdParty:1030 - CMSIS Pack Vendor :STMicroelectronics ThreadX 1.0.0
2023-10-04 14:52:03,177 [INFO] ThirdParty:1030 - CMSIS Pack Vendor :STMicroelectronics FP-SNS-SMARTAG2 1.2.0
2023-10-04 14:52:03,177 [INFO] ThirdParty:1030 - CMSIS Pack Vendor :STMicroelectronics X-CUBE-AZRTOS-WL 2.0.0
2023-10-04 14:52:03,177 [INFO] ThirdParty:1030 - CMSIS Pack Vendor :SEGGER I-CUBE-embOS 1.3.1
2023-10-04 14:52:03,177 [INFO] ThirdParty:1030 - CMSIS Pack Vendor :STMicroelectronics USB_DEVICE 1.0.0
2023-10-04 14:52:03,177 [INFO] ThirdParty:1030 - CMSIS Pack Vendor :STMicroelectronics X-CUBE-AI 8.1.0
2023-10-04 14:52:03,177 [INFO] ThirdParty:1030 - CMSIS Pack Vendor :STMicroelectronics X-CUBE-AZRTOS-L4 2.0.0
2023-10-04 14:52:03,177 [INFO] ThirdParty:1030 - CMSIS Pack Vendor :STMicroelectronics ThreadX 0.0.2
2023-10-04 14:52:03,177 [INFO] ThirdParty:1030 - CMSIS Pack Vendor :WES I-CUBE-Cesium 1.3.0
2023-10-04 14:52:03,177 [INFO] ThirdParty:1030 - CMSIS Pack Vendor :STMicroelectronics FP-ATR-ASTRA1 2.0.0
2023-10-04 14:52:03,177 [INFO] ThirdParty:1030 - CMSIS Pack Vendor :STMicroelectronics lwIP 2.1.2
2023-10-04 14:52:03,177 [INFO] ThirdParty:1030 - CMSIS Pack Vendor :STMicroelectronics X-CUBE-SFXS2LP1 4.0.0
2023-10-04 14:52:03,177 [INFO] ThirdParty:1030 - CMSIS Pack Vendor :STMicroelectronics X-CUBE-BLE2 3.3.0
2023-10-04 14:52:03,177 [INFO] ThirdParty:1030 - CMSIS Pack Vendor :STMicroelectronics PDM2PCM 3.2.0
2023-10-04 14:52:03,177 [INFO] ThirdParty:841 - exiting critical section [change project]
2023-10-04 14:52:03,436 [INFO] PinOutPanel:1499 - setPackage(No Configuration,No Configuration)
2023-10-04 14:52:03,437 [INFO] PinOutPanel:1499 - setPackage(STM32F103C8Tx,LQFP48)
2023-10-04 14:52:03,851 [INFO] UtilMem:75 - Before build in PCC Used Memory: 184733032 Bytes (500170752)
2023-10-04 14:52:04,523 [INFO] UtilMem:75 - After build in PCC Used Memory: 323503592 Bytes (500170752)
2023-10-04 14:52:04,560 [INFO] IPUIPlugin:80 - create IPUIPlugin
2023-10-04 14:52:04,561 [INFO] IPUIPlugin:80 - create IPUIPlugin
2023-10-04 14:52:04,561 [INFO] IPUIPlugin:80 - create IPUIPlugin
2023-10-04 14:52:04,561 [INFO] IPUIPlugin:80 - create IPUIPlugin
2023-10-04 14:52:04,561 [INFO] IPUIPlugin:80 - create IPUIPlugin
2023-10-04 14:52:04,561 [INFO] IPUIPlugin:80 - create IPUIPlugin
2023-10-04 14:52:04,561 [INFO] IPUIPlugin:80 - create IPUIPlugin
2023-10-04 14:52:04,561 [INFO] IPUIPlugin:80 - create IPUIPlugin
2023-10-04 14:52:04,562 [INFO] IPUIPlugin:80 - create IPUIPlugin
2023-10-04 14:52:04,562 [INFO] IPUIPlugin:80 - create IPUIPlugin
2023-10-04 14:52:04,562 [INFO] IPUIPlugin:80 - create IPUIPlugin
2023-10-04 14:52:04,562 [INFO] IPUIPlugin:80 - create IPUIPlugin
2023-10-04 14:52:04,562 [INFO] IPUIPlugin:80 - create IPUIPlugin
2023-10-04 14:52:04,563 [INFO] IPUIPlugin:80 - create IPUIPlugin
2023-10-04 14:52:04,563 [INFO] IPUIPlugin:80 - create IPUIPlugin
2023-10-04 14:52:04,563 [INFO] IPUIPlugin:80 - create IPUIPlugin
2023-10-04 14:52:04,563 [INFO] IPUIPlugin:80 - create IPUIPlugin
2023-10-04 14:52:04,563 [INFO] IPUIPlugin:80 - create IPUIPlugin
2023-10-04 14:52:04,564 [INFO] IPUIPlugin:80 - create IPUIPlugin
2023-10-04 14:52:04,564 [INFO] IPUIPlugin:80 - create IPUIPlugin
2023-10-04 14:52:04,564 [INFO] IPUIPlugin:80 - create IPUIPlugin
2023-10-04 14:52:04,564 [INFO] IPUIPlugin:80 - create IPUIPlugin
2023-10-04 14:52:04,565 [INFO] IPUIPlugin:80 - create IPUIPlugin
2023-10-04 14:52:04,565 [INFO] IPUIPlugin:80 - create IPUIPlugin
2023-10-04 14:52:04,565 [INFO] IPUIPlugin:80 - create IPUIPlugin
2023-10-04 14:52:04,565 [INFO] IPUIPlugin:80 - create IPUIPlugin
2023-10-04 14:52:04,566 [INFO] IPUIPlugin:80 - create IPUIPlugin
2023-10-04 14:52:04,579 [INFO] Can:71 - Can Add PropertyChangeListener com.st.microxplorer.plugins.ip.can.Can@75ffa7ee
2023-10-04 14:52:04,734 [INFO] CADModel:165 - CPN selected for project levelSTM32F103C8T6
2023-10-04 14:52:04,734 [INFO] CADModel:114 - Register for checkConnection events
2023-10-04 14:52:04,772 [INFO] OpenFileManager:328 - Restore cursor
2023-10-04 14:52:22,474 [INFO] NvicIntPanel:101 - NVIC parent = com.st.microxplorer.plugins.ip.nvic.MultiNvicIntPanel[,0,0,0x0,invalid,layout=javax.swing.BoxLayout,alignmentX=0.0,alignmentY=0.0,border=,flags=9,maximumSize=,minimumSize=,preferredSize=]
2023-10-04 14:52:22,678 [INFO] NvicIntPanel:101 - NVIC parent = com.st.microxplorer.plugins.ip.nvic.MultiNvicIntPanel[,0,0,0x0,invalid,layout=javax.swing.BoxLayout,alignmentX=0.0,alignmentY=0.0,border=,flags=9,maximumSize=,minimumSize=,preferredSize=]
2023-10-04 14:52:25,715 [INFO] NvicIntPanel:101 - NVIC parent = com.st.microxplorer.plugins.ip.nvic.MultiNvicIntPanel[,0,0,0x0,invalid,layout=javax.swing.BoxLayout,alignmentX=0.0,alignmentY=0.0,border=,flags=9,maximumSize=,minimumSize=,preferredSize=]
2023-10-04 14:52:25,918 [INFO] NvicIntPanel:101 - NVIC parent = com.st.microxplorer.plugins.ip.nvic.MultiNvicIntPanel[,0,0,0x0,invalid,layout=javax.swing.BoxLayout,alignmentX=0.0,alignmentY=0.0,border=,flags=9,maximumSize=,minimumSize=,preferredSize=]
2023-10-04 14:52:39,311 [INFO] UtilMem:75 - End SaveConfig() Used Memory: 195527184 Bytes (500170752)
2023-10-04 14:52:40,890 [INFO] UtilMem:75 - End SaveConfig() Used Memory: 221687800 Bytes (500170752)
2023-10-04 14:52:44,176 [INFO] UtilMem:75 - End SaveConfig() Used Memory: 298801664 Bytes (500170752)
2023-10-04 14:52:45,157 [INFO] BlockDiagram:2759 - set Specific Code input for plugin: NVIC
2023-10-04 14:52:45,159 [INFO] BlockDiagram:2759 - set Specific Code input for plugin: GPIO
2023-10-04 14:52:45,159 [INFO] BlockDiagram:2759 - set Specific Code input for plugin: CAN
2023-10-04 14:52:45,160 [INFO] BlockDiagram:2759 - set Specific Code input for plugin: RCC
2023-10-04 14:52:45,165 [INFO] CodeGenerator:799 - code generatio: config db path: /opt/stm32cubeide/plugins/com.st.stm32cube.common.mx_6.9.1.202307191849//db/
2023-10-04 14:52:45,867 [INFO] CodeEngine:255 - oldGeneratedFile, /home/hronoz/STM32CubeIDE/workspace_1.13.1/can_hal_try/MXTmpFiles/license.tmp_save
2023-10-04 14:52:47,153 [INFO] CodeEngine:279 - Generated code: /home/hronoz/STM32CubeIDE/workspace_1.13.1/can_hal_try/MXTmpFiles/license.tmp
2023-10-04 14:52:47,438 [INFO] CodeEngine:255 - oldGeneratedFile, /home/hronoz/STM32CubeIDE/workspace_1.13.1/can_hal_try/MXTmpFiles/gpio.tmp_save
2023-10-04 14:52:47,810 [INFO] CodeEngine:279 - Generated code: /home/hronoz/STM32CubeIDE/workspace_1.13.1/can_hal_try/MXTmpFiles/gpio.tmp
2023-10-04 14:52:47,956 [INFO] CodeEngine:255 - oldGeneratedFile, /home/hronoz/STM32CubeIDE/workspace_1.13.1/can_hal_try/Core/Src/stm32f1xx_it.c_save
2023-10-04 14:52:48,347 [INFO] CodeEngine:279 - Generated code: /home/hronoz/STM32CubeIDE/workspace_1.13.1/can_hal_try/Core/Src/stm32f1xx_it.c
2023-10-04 14:52:48,356 [INFO] CodeEngine:255 - oldGeneratedFile, /home/hronoz/STM32CubeIDE/workspace_1.13.1/can_hal_try/Core/Inc/stm32f1xx_it.h_save
2023-10-04 14:52:48,636 [INFO] CodeEngine:279 - Generated code: /home/hronoz/STM32CubeIDE/workspace_1.13.1/can_hal_try/Core/Inc/stm32f1xx_it.h
2023-10-04 14:52:48,727 [INFO] CodeEngine:255 - oldGeneratedFile, /home/hronoz/STM32CubeIDE/workspace_1.13.1/can_hal_try/Core/Src/stm32f1xx_hal_msp.c_save
2023-10-04 14:52:49,141 [INFO] CodeEngine:279 - Generated code: /home/hronoz/STM32CubeIDE/workspace_1.13.1/can_hal_try/Core/Src/stm32f1xx_hal_msp.c
2023-10-04 14:52:49,147 [INFO] CodeEngine:255 - oldGeneratedFile, /home/hronoz/STM32CubeIDE/workspace_1.13.1/can_hal_try/MXTmpFiles/system.tmp_save
2023-10-04 14:52:49,331 [INFO] CodeEngine:279 - Generated code: /home/hronoz/STM32CubeIDE/workspace_1.13.1/can_hal_try/MXTmpFiles/system.tmp
2023-10-04 14:52:49,350 [INFO] CodeEngine:311 - oldGeneratedFile, /home/hronoz/STM32CubeIDE/workspace_1.13.1/can_hal_try/Core/Inc/stm32f1xx_hal_conf.h_save
2023-10-04 14:52:49,581 [INFO] CodeEngine:335 - Generated code: /home/hronoz/STM32CubeIDE/workspace_1.13.1/can_hal_try/Core/Inc/stm32f1xx_hal_conf.h
2023-10-04 14:52:49,669 [INFO] CodeEngine:255 - oldGeneratedFile, /home/hronoz/STM32CubeIDE/workspace_1.13.1/can_hal_try/Core/Inc/main.h_save
2023-10-04 14:52:49,918 [INFO] CodeEngine:279 - Generated code: /home/hronoz/STM32CubeIDE/workspace_1.13.1/can_hal_try/Core/Inc/main.h
2023-10-04 14:52:49,934 [INFO] CodeEngine:255 - oldGeneratedFile, /home/hronoz/STM32CubeIDE/workspace_1.13.1/can_hal_try/Core/Src/main.c_save
2023-10-04 14:52:50,470 [INFO] CodeEngine:279 - Generated code: /home/hronoz/STM32CubeIDE/workspace_1.13.1/can_hal_try/Core/Src/main.c
2023-10-04 14:52:52,163 [INFO] ProjectBuilder:3064 - Time for Copy HAL[1] : 188mS.
2023-10-04 14:52:52,181 [INFO] ProjectBuilder:4404 - Project Generator version: 4.1.0
2023-10-04 14:52:53,060 [INFO] ConfigFileManager:1457 - The Die is : DIE410
2023-10-04 14:52:53,105 [INFO] ApiDbMcu:507 - Load IP Config File for FATFS
2023-10-04 14:52:53,128 [INFO] ApiDbMcu:507 - Load IP Config File for FREERTOS
2023-10-04 14:52:53,165 [INFO] ApiDbMcu:507 - Load IP Config File for USB_DEVICE
2023-10-04 14:52:55,632 [INFO] LogOutputStream:77 - [STDOUT_REDIRECT] 
2023-10-04 14:52:57,706 [INFO] ProjectBuilder:4626 - Time for Generating toolchain IDE Files: 5524mS.
2023-10-04 14:52:57,707 [INFO] ProjectBuilder:2935 - Time for Copy CMSIS : 0mS.
2023-10-04 14:52:57,708 [INFO] ProjectBuilder:2935 - Time for Copy CMSIS : 0mS.
2023-10-04 14:54:17,654 [INFO] NvicIntPanel:101 - NVIC parent = com.st.microxplorer.plugins.ip.nvic.MultiNvicIntPanel[,0,0,0x0,invalid,layout=javax.swing.BoxLayout,alignmentX=0.0,alignmentY=0.0,border=,flags=9,maximumSize=,minimumSize=,preferredSize=]
2023-10-04 14:54:17,872 [INFO] NvicIntPanel:101 - NVIC parent = com.st.microxplorer.plugins.ip.nvic.MultiNvicIntPanel[,0,0,0x0,invalid,layout=javax.swing.BoxLayout,alignmentX=0.0,alignmentY=0.0,border=,flags=9,maximumSize=,minimumSize=,preferredSize=]
2023-10-04 14:54:22,486 [INFO] UtilMem:75 - End SaveConfig() Used Memory: 510332120 Bytes (854589440)
2023-10-04 14:54:24,092 [INFO] UtilMem:75 - End SaveConfig() Used Memory: 276725376 Bytes (854589440)
2023-10-04 14:54:26,622 [INFO] UtilMem:75 - End SaveConfig() Used Memory: 315646464 Bytes (854589440)
2023-10-04 14:54:26,873 [INFO] BlockDiagram:2759 - set Specific Code input for plugin: NVIC
2023-10-04 14:54:26,874 [INFO] BlockDiagram:2759 - set Specific Code input for plugin: GPIO
2023-10-04 14:54:26,875 [INFO] BlockDiagram:2759 - set Specific Code input for plugin: CAN
2023-10-04 14:54:26,876 [INFO] BlockDiagram:2759 - set Specific Code input for plugin: RCC
2023-10-04 14:54:26,878 [INFO] CodeGenerator:799 - code generatio: config db path: /opt/stm32cubeide/plugins/com.st.stm32cube.common.mx_6.9.1.202307191849//db/
2023-10-04 14:54:27,080 [INFO] CodeEngine:255 - oldGeneratedFile, /home/hronoz/STM32CubeIDE/workspace_1.13.1/can_hal_try/MXTmpFiles/license.tmp_save
2023-10-04 14:54:27,231 [INFO] CodeEngine:279 - Generated code: /home/hronoz/STM32CubeIDE/workspace_1.13.1/can_hal_try/MXTmpFiles/license.tmp
2023-10-04 14:54:27,275 [INFO] CodeEngine:255 - oldGeneratedFile, /home/hronoz/STM32CubeIDE/workspace_1.13.1/can_hal_try/MXTmpFiles/gpio.tmp_save
2023-10-04 14:54:27,467 [INFO] CodeEngine:279 - Generated code: /home/hronoz/STM32CubeIDE/workspace_1.13.1/can_hal_try/MXTmpFiles/gpio.tmp
2023-10-04 14:54:27,536 [INFO] CodeEngine:255 - oldGeneratedFile, /home/hronoz/STM32CubeIDE/workspace_1.13.1/can_hal_try/Core/Src/stm32f1xx_it.c_save
2023-10-04 14:54:27,759 [INFO] CodeEngine:279 - Generated code: /home/hronoz/STM32CubeIDE/workspace_1.13.1/can_hal_try/Core/Src/stm32f1xx_it.c
2023-10-04 14:54:27,764 [INFO] CodeEngine:255 - oldGeneratedFile, /home/hronoz/STM32CubeIDE/workspace_1.13.1/can_hal_try/Core/Inc/stm32f1xx_it.h_save
2023-10-04 14:54:27,933 [INFO] CodeEngine:279 - Generated code: /home/hronoz/STM32CubeIDE/workspace_1.13.1/can_hal_try/Core/Inc/stm32f1xx_it.h
2023-10-04 14:54:27,976 [INFO] CodeEngine:255 - oldGeneratedFile, /home/hronoz/STM32CubeIDE/workspace_1.13.1/can_hal_try/Core/Src/stm32f1xx_hal_msp.c_save
2023-10-04 14:54:28,239 [INFO] CodeEngine:279 - Generated code: /home/hronoz/STM32CubeIDE/workspace_1.13.1/can_hal_try/Core/Src/stm32f1xx_hal_msp.c
2023-10-04 14:54:28,244 [INFO] CodeEngine:255 - oldGeneratedFile, /home/hronoz/STM32CubeIDE/workspace_1.13.1/can_hal_try/MXTmpFiles/system.tmp_save
2023-10-04 14:54:28,398 [INFO] CodeEngine:279 - Generated code: /home/hronoz/STM32CubeIDE/workspace_1.13.1/can_hal_try/MXTmpFiles/system.tmp
2023-10-04 14:54:28,412 [INFO] CodeEngine:311 - oldGeneratedFile, /home/hronoz/STM32CubeIDE/workspace_1.13.1/can_hal_try/Core/Inc/stm32f1xx_hal_conf.h_save
2023-10-04 14:54:28,584 [INFO] CodeEngine:335 - Generated code: /home/hronoz/STM32CubeIDE/workspace_1.13.1/can_hal_try/Core/Inc/stm32f1xx_hal_conf.h
2023-10-04 14:54:28,644 [INFO] CodeEngine:255 - oldGeneratedFile, /home/hronoz/STM32CubeIDE/workspace_1.13.1/can_hal_try/Core/Inc/main.h_save
2023-10-04 14:54:28,851 [INFO] CodeEngine:279 - Generated code: /home/hronoz/STM32CubeIDE/workspace_1.13.1/can_hal_try/Core/Inc/main.h
2023-10-04 14:54:28,856 [INFO] CodeEngine:255 - oldGeneratedFile, /home/hronoz/STM32CubeIDE/workspace_1.13.1/can_hal_try/Core/Src/main.c_save
2023-10-04 14:54:29,153 [INFO] CodeEngine:279 - Generated code: /home/hronoz/STM32CubeIDE/workspace_1.13.1/can_hal_try/Core/Src/main.c
2023-10-04 14:54:30,394 [INFO] ProjectBuilder:3064 - Time for Copy HAL[1] : 30mS.
2023-10-04 14:54:30,397 [INFO] ProjectBuilder:4404 - Project Generator version: 4.1.0
2023-10-04 14:54:30,719 [INFO] ConfigFileManager:1457 - The Die is : DIE410
2023-10-04 14:54:33,937 [INFO] ProjectBuilder:4626 - Time for Generating toolchain IDE Files: 3540mS.
2023-10-04 14:54:33,938 [INFO] ProjectBuilder:2935 - Time for Copy CMSIS : 1mS.
2023-10-04 14:54:33,939 [INFO] ProjectBuilder:2935 - Time for Copy CMSIS : 1mS.
2023-10-04 14:56:20,971 [INFO] NvicIntPanel:101 - NVIC parent = com.st.microxplorer.plugins.ip.nvic.MultiNvicIntPanel[,0,0,0x0,invalid,layout=javax.swing.BoxLayout,alignmentX=0.0,alignmentY=0.0,border=,flags=9,maximumSize=,minimumSize=,preferredSize=]
2023-10-04 14:56:21,178 [INFO] NvicIntPanel:101 - NVIC parent = com.st.microxplorer.plugins.ip.nvic.MultiNvicIntPanel[,0,0,0x0,invalid,layout=javax.swing.BoxLayout,alignmentX=0.0,alignmentY=0.0,border=,flags=9,maximumSize=,minimumSize=,preferredSize=]
2023-10-04 14:56:29,291 [INFO] UtilMem:75 - End SaveConfig() Used Memory: 347724704 Bytes (807403520)
2023-10-04 14:56:31,219 [INFO] UtilMem:75 - End SaveConfig() Used Memory: 400783160 Bytes (807403520)
2023-10-04 14:56:33,455 [INFO] UtilMem:75 - End SaveConfig() Used Memory: 447446840 Bytes (807403520)
2023-10-04 14:56:33,768 [INFO] BlockDiagram:2759 - set Specific Code input for plugin: NVIC
2023-10-04 14:56:33,769 [INFO] BlockDiagram:2759 - set Specific Code input for plugin: GPIO
2023-10-04 14:56:33,769 [INFO] BlockDiagram:2759 - set Specific Code input for plugin: CAN
2023-10-04 14:56:33,769 [INFO] BlockDiagram:2759 - set Specific Code input for plugin: RCC
2023-10-04 14:56:33,770 [INFO] CodeGenerator:799 - code generatio: config db path: /opt/stm32cubeide/plugins/com.st.stm32cube.common.mx_6.9.1.202307191849//db/
2023-10-04 14:56:34,135 [INFO] CodeEngine:255 - oldGeneratedFile, /home/hronoz/STM32CubeIDE/workspace_1.13.1/can_hal_try/MXTmpFiles/license.tmp_save
2023-10-04 14:56:34,234 [INFO] CodeEngine:279 - Generated code: /home/hronoz/STM32CubeIDE/workspace_1.13.1/can_hal_try/MXTmpFiles/license.tmp
2023-10-04 14:56:34,273 [INFO] CodeEngine:255 - oldGeneratedFile, /home/hronoz/STM32CubeIDE/workspace_1.13.1/can_hal_try/MXTmpFiles/gpio.tmp_save
2023-10-04 14:56:34,448 [INFO] CodeEngine:279 - Generated code: /home/hronoz/STM32CubeIDE/workspace_1.13.1/can_hal_try/MXTmpFiles/gpio.tmp
2023-10-04 14:56:34,525 [INFO] CodeEngine:255 - oldGeneratedFile, /home/hronoz/STM32CubeIDE/workspace_1.13.1/can_hal_try/Core/Src/stm32f1xx_it.c_save
2023-10-04 14:56:34,718 [INFO] CodeEngine:279 - Generated code: /home/hronoz/STM32CubeIDE/workspace_1.13.1/can_hal_try/Core/Src/stm32f1xx_it.c
2023-10-04 14:56:34,724 [INFO] CodeEngine:255 - oldGeneratedFile, /home/hronoz/STM32CubeIDE/workspace_1.13.1/can_hal_try/Core/Inc/stm32f1xx_it.h_save
2023-10-04 14:56:34,897 [INFO] CodeEngine:279 - Generated code: /home/hronoz/STM32CubeIDE/workspace_1.13.1/can_hal_try/Core/Inc/stm32f1xx_it.h
2023-10-04 14:56:34,943 [INFO] CodeEngine:255 - oldGeneratedFile, /home/hronoz/STM32CubeIDE/workspace_1.13.1/can_hal_try/Core/Src/stm32f1xx_hal_msp.c_save
2023-10-04 14:56:35,199 [INFO] CodeEngine:279 - Generated code: /home/hronoz/STM32CubeIDE/workspace_1.13.1/can_hal_try/Core/Src/stm32f1xx_hal_msp.c
2023-10-04 14:56:35,203 [INFO] CodeEngine:255 - oldGeneratedFile, /home/hronoz/STM32CubeIDE/workspace_1.13.1/can_hal_try/MXTmpFiles/system.tmp_save
2023-10-04 14:56:35,381 [INFO] CodeEngine:279 - Generated code: /home/hronoz/STM32CubeIDE/workspace_1.13.1/can_hal_try/MXTmpFiles/system.tmp
2023-10-04 14:56:35,396 [INFO] CodeEngine:311 - oldGeneratedFile, /home/hronoz/STM32CubeIDE/workspace_1.13.1/can_hal_try/Core/Inc/stm32f1xx_hal_conf.h_save
2023-10-04 14:56:35,600 [INFO] CodeEngine:335 - Generated code: /home/hronoz/STM32CubeIDE/workspace_1.13.1/can_hal_try/Core/Inc/stm32f1xx_hal_conf.h
2023-10-04 14:56:35,676 [INFO] CodeEngine:255 - oldGeneratedFile, /home/hronoz/STM32CubeIDE/workspace_1.13.1/can_hal_try/Core/Inc/main.h_save
2023-10-04 14:56:35,840 [INFO] CodeEngine:279 - Generated code: /home/hronoz/STM32CubeIDE/workspace_1.13.1/can_hal_try/Core/Inc/main.h
2023-10-04 14:56:35,847 [INFO] CodeEngine:255 - oldGeneratedFile, /home/hronoz/STM32CubeIDE/workspace_1.13.1/can_hal_try/Core/Src/main.c_save
2023-10-04 14:56:36,152 [INFO] CodeEngine:279 - Generated code: /home/hronoz/STM32CubeIDE/workspace_1.13.1/can_hal_try/Core/Src/main.c
2023-10-04 14:56:37,723 [INFO] ProjectBuilder:3064 - Time for Copy HAL[1] : 150mS.
2023-10-04 14:56:37,732 [INFO] ProjectBuilder:4404 - Project Generator version: 4.1.0
2023-10-04 14:56:38,284 [INFO] ConfigFileManager:1457 - The Die is : DIE410
2023-10-04 14:56:41,994 [INFO] ProjectBuilder:4626 - Time for Generating toolchain IDE Files: 4262mS.
2023-10-04 14:56:41,995 [INFO] ProjectBuilder:2935 - Time for Copy CMSIS : 0mS.
2023-10-04 14:56:41,997 [INFO] ProjectBuilder:2935 - Time for Copy CMSIS : 1mS.
