2023-10-06 10:09:00,282 [INFO] Activator:176 - 


2023-10-06 10:09:00,285 [INFO] Activator:177 - !SESSION log4j initialized
2023-10-06 10:09:01,634 [INFO] ApplicationProperties:184 - Using Application install path: /opt/stm32cubeide/plugins/com.st.stm32cube.common.mx_6.9.1.202307191849
2023-10-06 10:09:01,645 [INFO] DbMcusXml:78 - Set database path to: /opt/stm32cubeide/plugins/com.st.stm32cube.common.mx_6.9.1.202307191849//db//mcu/
2023-10-06 10:09:01,645 [INFO] ApiDb:274 - Set plugin database path to: /opt/stm32cubeide/plugins/com.st.stm32cube.common.mx_6.9.1.202307191849//db//plugins/boardmanager/
2023-10-06 10:09:01,646 [WARN] ApiDb:259 - Overriding images path with different value:  => /opt/stm32cubeide/plugins/com.st.stm32cube.common.mx_6.9.1.202307191849//db//plugins/mcufinder/images/
2023-10-06 10:09:01,652 [INFO] ApiDb:250 - Set database path to: /home/hronoz/.stmcufinder/plugins/mcufinder//mcu/
2023-10-06 10:09:01,653 [INFO] DbMcusAds:125 - Set database path to: /home/hronoz/.stmcufinder/plugins/mcufinder//mcu/
2023-10-06 10:09:01,656 [INFO] CrossReferenceDbSqlite:203 - Set database path to: /home/hronoz/.stmcufinder/plugins/mcufinder//mcu/cs/
2023-10-06 10:09:01,736 [INFO] RulesReader:64 - Compatibility file has been processed (293 Rules)
2023-10-06 10:09:01,773 [INFO] DbMcusXml:78 - Set database path to: /opt/stm32cubeide/plugins/com.st.stm32cube.common.mx_6.9.1.202307191849//db//mcu/
2023-10-06 10:09:01,773 [INFO] ApiDb:274 - Set plugin database path to: /opt/stm32cubeide/plugins/com.st.stm32cube.common.mx_6.9.1.202307191849//db//plugins/boardmanager/
2023-10-06 10:09:01,774 [INFO] ApiDb:261 - Set plugin images path to: /opt/stm32cubeide/plugins/com.st.stm32cube.common.mx_6.9.1.202307191849//db//plugins/mcufinder/images/
2023-10-06 10:09:01,774 [WARN] DbFile:41 - Overriding database path with different value: /home/hronoz/.stmcufinder/plugins/mcufinder/ => /home/hronoz/.stmcufinder/plugins/mcufinder
2023-10-06 10:09:01,774 [INFO] ApiDb:250 - Set database path to: /home/hronoz/.stmcufinder/plugins/mcufinder//mcu/
2023-10-06 10:09:01,774 [WARN] DbFile:41 - Overriding database path with different value: /home/hronoz/.stmcufinder/plugins/mcufinder/ => /home/hronoz/.stmcufinder/plugins/mcufinder
2023-10-06 10:09:01,774 [INFO] DbMcusAds:125 - Set database path to: /home/hronoz/.stmcufinder/plugins/mcufinder//mcu/
2023-10-06 10:09:01,774 [WARN] DbFile:41 - Overriding database path with different value: /home/hronoz/.stmcufinder/plugins/mcufinder/ => /home/hronoz/.stmcufinder/plugins/mcufinder
2023-10-06 10:09:01,774 [WARN] DbFile:41 - Overriding database path with different value: /home/hronoz/.stmcufinder/plugins/mcufinder/ => /home/hronoz/.stmcufinder/plugins/mcufinder
2023-10-06 10:09:01,774 [INFO] CrossReferenceDbSqlite:203 - Set database path to: /home/hronoz/.stmcufinder/plugins/mcufinder//mcu/cs/
2023-10-06 10:09:01,821 [INFO] MainPanel:262 - HeapMemory: 268435456
2023-10-06 10:09:01,870 [INFO] DbMcusXml:78 - Set database path to: /opt/stm32cubeide/plugins/com.st.stm32cube.common.mx_6.9.1.202307191849//db//mcu/
2023-10-06 10:09:01,870 [INFO] ApiDb:274 - Set plugin database path to: /opt/stm32cubeide/plugins/com.st.stm32cube.common.mx_6.9.1.202307191849//db//plugins/boardmanager/
2023-10-06 10:09:01,870 [INFO] ApiDb:261 - Set plugin images path to: /opt/stm32cubeide/plugins/com.st.stm32cube.common.mx_6.9.1.202307191849//db//plugins/mcufinder/images/
2023-10-06 10:09:01,870 [WARN] DbFile:41 - Overriding database path with different value: /home/hronoz/.stmcufinder/plugins/mcufinder/ => /home/hronoz/.stmcufinder/plugins/mcufinder
2023-10-06 10:09:01,870 [INFO] ApiDb:250 - Set database path to: /home/hronoz/.stmcufinder/plugins/mcufinder//mcu/
2023-10-06 10:09:01,870 [WARN] DbFile:41 - Overriding database path with different value: /home/hronoz/.stmcufinder/plugins/mcufinder/ => /home/hronoz/.stmcufinder/plugins/mcufinder
2023-10-06 10:09:01,871 [INFO] DbMcusAds:125 - Set database path to: /home/hronoz/.stmcufinder/plugins/mcufinder//mcu/
2023-10-06 10:09:01,871 [WARN] DbFile:41 - Overriding database path with different value: /home/hronoz/.stmcufinder/plugins/mcufinder/ => /home/hronoz/.stmcufinder/plugins/mcufinder
2023-10-06 10:09:01,871 [WARN] DbFile:41 - Overriding database path with different value: /home/hronoz/.stmcufinder/plugins/mcufinder/ => /home/hronoz/.stmcufinder/plugins/mcufinder
2023-10-06 10:09:01,871 [INFO] CrossReferenceDbSqlite:203 - Set database path to: /home/hronoz/.stmcufinder/plugins/mcufinder//mcu/cs/
2023-10-06 10:09:01,880 [INFO] ApplicationProperties:184 - Using Application install path: /opt/stm32cubeide/plugins/com.st.stm32cube.common.mx_6.9.1.202307191849
2023-10-06 10:09:01,881 [INFO] PluginManage:196 - Search for loadable plugins [exclusion list=, ]
2023-10-06 10:09:01,882 [INFO] PluginManage:310 - Check plugin analytics
2023-10-06 10:09:02,070 [INFO] AnalyticsPlugin:253 - Accepted Software Licenses: 
2023-10-06 10:09:02,070 [INFO] AnalyticsPlugin:255 - Accepted CMSIS Pack Licenses: 
2023-10-06 10:09:02,070 [INFO] AnalyticsPlugin:257 - Accepted Firmware Licenses: FW.L4.1.18.0
2023-10-06 10:09:02,074 [INFO] PluginManage:359 - Loaded plugin analytics (category:tool,tabindex:-1)
2023-10-06 10:09:02,074 [INFO] PluginManage:310 - Check plugin cadmodel
2023-10-06 10:09:02,106 [INFO] CADModel:105 - Init CAD model plugin
2023-10-06 10:09:02,106 [INFO] PluginManage:359 - Loaded plugin cadmodel (category:power,tabindex:5)
2023-10-06 10:09:02,106 [INFO] PluginManage:310 - Check plugin clock
2023-10-06 10:09:02,116 [INFO] PluginManage:359 - Loaded plugin clock (category:base,tabindex:2)
2023-10-06 10:09:02,117 [INFO] PluginManage:310 - Check plugin ddr
2023-10-06 10:09:02,119 [INFO] PluginManage:359 - Loaded plugin ddr (category:tool,tabindex:6)
2023-10-06 10:09:02,119 [INFO] PluginManage:310 - Check plugin filemanager
2023-10-06 10:09:02,190 [ERROR] ConfigurationRetriever:142 - IOException on connection: sw-center.st.com
2023-10-06 10:09:02,191 [ERROR] ConfigurationRetriever:142 - IOException on connection: sw-center.st.com
2023-10-06 10:09:02,192 [ERROR] ConfigurationRetriever:142 - IOException on connection: sw-center.st.com
2023-10-06 10:09:02,274 [INFO] PluginManage:359 - Loaded plugin filemanager (category:base,tabindex:10)
2023-10-06 10:09:02,275 [INFO] PluginManage:310 - Check plugin ipmanager
2023-10-06 10:09:02,281 [INFO] PluginManage:359 - Loaded plugin ipmanager (category:base,tabindex:5)
2023-10-06 10:09:02,281 [INFO] PluginManage:310 - Check plugin lpbam
2023-10-06 10:09:02,290 [INFO] PluginManage:359 - Loaded plugin lpbam (category:base,tabindex:0)
2023-10-06 10:09:02,290 [INFO] PluginManage:310 - Check plugin memorymap
2023-10-06 10:09:02,300 [INFO] PluginManage:359 - Loaded plugin memorymap (category:base,tabindex:4)
2023-10-06 10:09:02,300 [INFO] PluginManage:310 - Check plugin pinoutandconfiguration
2023-10-06 10:09:02,305 [INFO] PluginManage:359 - Loaded plugin pinoutandconfiguration (category:base,tabindex:1)
2023-10-06 10:09:02,305 [INFO] PluginManage:310 - Check plugin pinoutconfig
2023-10-06 10:09:02,366 [WARN] SupportedApi:132 - Cannot load RTOS API schema: s4s-elt-must-match.1: The content of 'definitions' must match (annotation?, (simpleType | complexType)?, (unique | key | keyref)*)). A problem was found starting at: attribute.
2023-10-06 10:09:02,449 [INFO] PluginManage:359 - Loaded plugin pinoutconfig (category:base,tabindex:0)
2023-10-06 10:09:02,449 [INFO] PluginManage:310 - Check plugin power
2023-10-06 10:09:02,455 [INFO] PluginManage:359 - Loaded plugin power (category:power,tabindex:4)
2023-10-06 10:09:02,455 [INFO] PluginManage:310 - Check plugin projectmanager
2023-10-06 10:09:02,466 [INFO] PluginManage:359 - Loaded plugin projectmanager (category:projectmanager,tabindex:3)
2023-10-06 10:09:02,466 [INFO] PluginManage:310 - Check plugin thirdparty
2023-10-06 10:09:02,550 [INFO] PluginManage:359 - Loaded plugin thirdparty (category:base,tabindex:-1)
2023-10-06 10:09:02,550 [WARN] IntegrityCheckThread:84 - waiting for thirdparty lock release [integrity check]
2023-10-06 10:09:02,550 [INFO] IntegrityCheckThread:86 - entering critical section [integrity check]
2023-10-06 10:09:02,550 [INFO] PluginManage:310 - Check plugin tools
2023-10-06 10:09:02,551 [INFO] ThirdPartyUpdaterWithRetryManager:70 - Updater plugin not ready yet. [1/15]
2023-10-06 10:09:02,552 [INFO] PluginManage:359 - Loaded plugin tools (category:base,tabindex:7)
2023-10-06 10:09:02,552 [INFO] PluginManage:310 - Check plugin tutovideos
2023-10-06 10:09:02,662 [INFO] PluginManage:359 - Loaded plugin tutovideos (category:base,tabindex:-1)
2023-10-06 10:09:02,663 [INFO] PluginManage:310 - Check plugin updater
2023-10-06 10:09:02,669 [INFO] PluginManage:359 - Loaded plugin updater (category:base,tabindex:12)
2023-10-06 10:09:02,669 [INFO] PluginManage:310 - Check plugin userauth
2023-10-06 10:09:02,673 [INFO] UserAuth:113 - Init User Auth plugin
2023-10-06 10:09:02,673 [INFO] PluginManage:359 - Loaded plugin userauth (category:base,tabindex:14)
2023-10-06 10:09:02,673 [INFO] PluginManage:283 - PluginManage : Loaded plugins [17]
2023-10-06 10:09:02,784 [INFO] PinOutPanel:1499 - setPackage(No Configuration,No Configuration)
2023-10-06 10:09:02,841 [INFO] CADModel:165 - CPN selected for project level
2023-10-06 10:09:02,841 [INFO] CADModel:114 - Register for checkConnection events
2023-10-06 10:09:02,854 [INFO] IPUIPlugin:80 - create IPUIPlugin
2023-10-06 10:09:02,854 [INFO] PluginManager:220 - loadIPPluginJar : add adc
2023-10-06 10:09:02,856 [INFO] IPUIPlugin:80 - create IPUIPlugin
2023-10-06 10:09:02,856 [INFO] PluginManager:220 - loadIPPluginJar : add aes
2023-10-06 10:09:02,858 [INFO] IPUIPlugin:80 - create IPUIPlugin
2023-10-06 10:09:02,858 [INFO] PluginManager:220 - loadIPPluginJar : add can
2023-10-06 10:09:02,860 [INFO] IPUIPlugin:80 - create IPUIPlugin
2023-10-06 10:09:02,860 [INFO] PluginManager:220 - loadIPPluginJar : add comp
2023-10-06 10:09:02,861 [INFO] IPUIPlugin:80 - create IPUIPlugin
2023-10-06 10:09:02,862 [INFO] PluginManager:220 - loadIPPluginJar : add cryp
2023-10-06 10:09:02,864 [INFO] IPUIPlugin:80 - create IPUIPlugin
2023-10-06 10:09:02,864 [INFO] PluginManager:220 - loadIPPluginJar : add dfsdm
2023-10-06 10:09:02,868 [INFO] IPUIPlugin:80 - create IPUIPlugin
2023-10-06 10:09:02,869 [INFO] PluginManager:220 - loadIPPluginJar : add dma
2023-10-06 10:09:02,871 [INFO] IPUIPlugin:80 - create IPUIPlugin
2023-10-06 10:09:02,871 [INFO] PluginManager:220 - loadIPPluginJar : add dma3
2023-10-06 10:09:02,872 [INFO] IPUIPlugin:80 - create IPUIPlugin
2023-10-06 10:09:02,872 [INFO] PluginManager:220 - loadIPPluginJar : add fatfs
2023-10-06 10:09:02,876 [INFO] IPUIPlugin:80 - create IPUIPlugin
2023-10-06 10:09:02,876 [INFO] PluginManager:220 - loadIPPluginJar : add fmc
2023-10-06 10:09:02,880 [INFO] IPUIPlugin:80 - create IPUIPlugin
2023-10-06 10:09:02,880 [INFO] PluginManager:220 - loadIPPluginJar : add freertos
2023-10-06 10:09:02,881 [INFO] IPUIPlugin:80 - create IPUIPlugin
2023-10-06 10:09:02,882 [INFO] PluginManager:220 - loadIPPluginJar : add genericplugin
2023-10-06 10:09:02,883 [INFO] IPUIPlugin:80 - create IPUIPlugin
2023-10-06 10:09:02,883 [INFO] PluginManager:220 - loadIPPluginJar : add gfxmmu
2023-10-06 10:09:02,888 [INFO] IPUIPlugin:80 - create IPUIPlugin
2023-10-06 10:09:02,888 [INFO] PluginManager:220 - loadIPPluginJar : add gic
2023-10-06 10:09:02,891 [INFO] IPUIPlugin:80 - create IPUIPlugin
2023-10-06 10:09:02,892 [INFO] PluginManager:220 - loadIPPluginJar : add gpio
2023-10-06 10:09:02,894 [INFO] IPUIPlugin:80 - create IPUIPlugin
2023-10-06 10:09:02,894 [INFO] PluginManager:220 - loadIPPluginJar : add gtzc
2023-10-06 10:09:02,896 [INFO] IPUIPlugin:80 - create IPUIPlugin
2023-10-06 10:09:02,896 [INFO] PluginManager:220 - loadIPPluginJar : add hash
2023-10-06 10:09:02,898 [INFO] IPUIPlugin:80 - create IPUIPlugin
2023-10-06 10:09:02,899 [INFO] PluginManager:220 - loadIPPluginJar : add i2c
2023-10-06 10:09:02,900 [INFO] IPUIPlugin:80 - create IPUIPlugin
2023-10-06 10:09:02,901 [INFO] PluginManager:220 - loadIPPluginJar : add i2s
2023-10-06 10:09:02,903 [INFO] IPUIPlugin:80 - create IPUIPlugin
2023-10-06 10:09:02,903 [INFO] PluginManager:220 - loadIPPluginJar : add i3c
2023-10-06 10:09:02,906 [INFO] IPUIPlugin:80 - create IPUIPlugin
2023-10-06 10:09:02,906 [INFO] PluginManager:220 - loadIPPluginJar : add ipddr
2023-10-06 10:09:02,912 [INFO] IPUIPlugin:80 - create IPUIPlugin
2023-10-06 10:09:02,912 [INFO] PluginManager:220 - loadIPPluginJar : add linkedlist
2023-10-06 10:09:02,914 [INFO] IPUIPlugin:80 - create IPUIPlugin
2023-10-06 10:09:02,914 [INFO] PluginManager:220 - loadIPPluginJar : add lorawan
2023-10-06 10:09:02,915 [INFO] IPUIPlugin:80 - create IPUIPlugin
2023-10-06 10:09:02,916 [INFO] PluginManager:220 - loadIPPluginJar : add ltdc
2023-10-06 10:09:02,920 [INFO] IPUIPlugin:80 - create IPUIPlugin
2023-10-06 10:09:02,921 [INFO] PluginManager:220 - loadIPPluginJar : add mdma
2023-10-06 10:09:02,924 [INFO] IPUIPlugin:80 - create IPUIPlugin
2023-10-06 10:09:02,924 [INFO] PluginManager:220 - loadIPPluginJar : add nvic
2023-10-06 10:09:02,927 [INFO] IPUIPlugin:80 - create IPUIPlugin
2023-10-06 10:09:02,927 [INFO] PluginManager:220 - loadIPPluginJar : add opamp
2023-10-06 10:09:02,930 [INFO] IPUIPlugin:80 - create IPUIPlugin
2023-10-06 10:09:02,930 [INFO] PluginManager:220 - loadIPPluginJar : add openamp
2023-10-06 10:09:02,934 [INFO] IPUIPlugin:80 - create IPUIPlugin
2023-10-06 10:09:02,934 [INFO] PluginManager:220 - loadIPPluginJar : add pdm2pcm
2023-10-06 10:09:02,939 [INFO] IPUIPlugin:80 - create IPUIPlugin
2023-10-06 10:09:02,943 [INFO] PluginManager:220 - loadIPPluginJar : add plateformsettings
2023-10-06 10:09:02,944 [INFO] IPUIPlugin:80 - create IPUIPlugin
2023-10-06 10:09:02,944 [INFO] PluginManager:220 - loadIPPluginJar : add quadspi
2023-10-06 10:09:02,947 [INFO] IPUIPlugin:80 - create IPUIPlugin
2023-10-06 10:09:02,947 [INFO] PluginManager:220 - loadIPPluginJar : add resmgrutility
2023-10-06 10:09:02,949 [INFO] IPUIPlugin:80 - create IPUIPlugin
2023-10-06 10:09:02,949 [INFO] PluginManager:220 - loadIPPluginJar : add sai
2023-10-06 10:09:02,951 [INFO] IPUIPlugin:80 - create IPUIPlugin
2023-10-06 10:09:02,951 [INFO] PluginManager:220 - loadIPPluginJar : add spi
2023-10-06 10:09:02,955 [INFO] IPUIPlugin:80 - create IPUIPlugin
2023-10-06 10:09:02,955 [INFO] PluginManager:220 - loadIPPluginJar : add stm32_wpan
2023-10-06 10:09:02,957 [INFO] IPUIPlugin:80 - create IPUIPlugin
2023-10-06 10:09:02,957 [INFO] PluginManager:220 - loadIPPluginJar : add tim
2023-10-06 10:09:02,959 [INFO] IPUIPlugin:80 - create IPUIPlugin
2023-10-06 10:09:02,959 [INFO] PluginManager:220 - loadIPPluginJar : add touchsensing
2023-10-06 10:09:02,961 [INFO] IPUIPlugin:80 - create IPUIPlugin
2023-10-06 10:09:02,961 [INFO] PluginManager:220 - loadIPPluginJar : add tracer_emb
2023-10-06 10:09:02,963 [INFO] IPUIPlugin:80 - create IPUIPlugin
2023-10-06 10:09:02,963 [INFO] PluginManager:220 - loadIPPluginJar : add ts
2023-10-06 10:09:02,964 [INFO] IPUIPlugin:80 - create IPUIPlugin
2023-10-06 10:09:02,965 [INFO] PluginManager:220 - loadIPPluginJar : add tsc
2023-10-06 10:09:02,966 [INFO] IPUIPlugin:80 - create IPUIPlugin
2023-10-06 10:09:02,966 [INFO] PluginManager:220 - loadIPPluginJar : add ucpd
2023-10-06 10:09:02,968 [INFO] IPUIPlugin:80 - create IPUIPlugin
2023-10-06 10:09:02,968 [INFO] PluginManager:220 - loadIPPluginJar : add usart
2023-10-06 10:09:02,971 [INFO] IPUIPlugin:80 - create IPUIPlugin
2023-10-06 10:09:02,971 [INFO] PluginManager:220 - loadIPPluginJar : add usbx
2023-10-06 10:09:03,072 [INFO] CADModel:165 - CPN selected for project level
2023-10-06 10:09:03,072 [INFO] CADModel:114 - Register for checkConnection events
2023-10-06 10:09:03,072 [FATAL] Updater:308 - Updater called before beeing initialized
2023-10-06 10:09:03,073 [ERROR] CADModel:125 - Updater not yet initialized, retry later 
2023-10-06 10:09:03,231 [INFO] CADModel:165 - CPN selected for project level
2023-10-06 10:09:03,231 [INFO] CADModel:114 - Register for checkConnection events
2023-10-06 10:09:03,231 [FATAL] Updater:308 - Updater called before beeing initialized
2023-10-06 10:09:03,231 [ERROR] CADModel:125 - Updater not yet initialized, retry later 
2023-10-06 10:09:03,233 [FATAL] Updater:308 - Updater called before beeing initialized
2023-10-06 10:09:03,290 [FATAL] Updater:308 - Updater called before beeing initialized
2023-10-06 10:09:03,295 [INFO] DbMcusAds:53 - JSON generation date=Tue Mar 07 11:50:55 MSK 2023 (1678179055114)
2023-10-06 10:09:03,295 [FATAL] Updater:308 - Updater called before beeing initialized
2023-10-06 10:09:03,318 [WARN] DetailPanel:346 - Failed to get advertising image, set to default
2023-10-06 10:09:03,379 [FATAL] Updater:308 - Updater called before beeing initialized
2023-10-06 10:09:03,380 [FATAL] Updater:308 - Updater called before beeing initialized
2023-10-06 10:09:03,380 [FATAL] Updater:308 - Updater called before beeing initialized
2023-10-06 10:09:03,380 [WARN] DetailPanel:346 - Failed to get advertising image, set to default
2023-10-06 10:09:03,381 [FATAL] Updater:308 - Updater called before beeing initialized
2023-10-06 10:09:03,405 [ERROR] Updater:1120 - MainUpdater not yet initialized. External WinMGr cannot be set.
2023-10-06 10:09:03,406 [INFO] Updater:1056 - Updater Version found : 6.9.1
2023-10-06 10:09:03,420 [INFO] ApplicationProperties:184 - Using Application install path: /opt/stm32cubeide/plugins/com.st.stm32cube.common.mx_6.9.1.202307191849
2023-10-06 10:09:03,526 [ERROR] ServerAccessManage:1146 - Warning during Server Connection :  Unknown host sw-center.st.com
2023-10-06 10:09:03,528 [INFO] MainUpdater:2868 - connection check result : 22
2023-10-06 10:09:03,529 [INFO] MainUpdater:285 - Updater Check For Update Now.
2023-10-06 10:09:03,529 [INFO] MicroXplorer:498 - Change Database Version : DB.6.0.91
2023-10-06 10:09:03,696 [INFO] CheckServerUpdateThread:120 - End of CheckServer Thread
2023-10-06 10:09:03,747 [INFO] MainUpdater:2868 - connection check result : 22
2023-10-06 10:09:03,748 [INFO] MainUpdater:2868 - connection check result : 22
2023-10-06 10:09:05,635 [WARN] PackLoader:240 - Cannot read IP mode file for STMicroelectronics.X-CUBE-SMBUS.2.1.0
2023-10-06 10:09:05,661 [WARN] PackLoader:240 - Cannot read IP mode file for STMicroelectronics.X-CUBE-AZRTOS-F7.1.1.0
2023-10-06 10:09:05,704 [WARN] PackLoader:240 - Cannot read IP mode file for STMicroelectronics.FP-SNS-MOTENV1.4.3.2
2023-10-06 10:09:05,709 [WARN] PackLoader:240 - Cannot read IP mode file for STMicroelectronics.FP-SNS-FLIGHT1.5.0.2
2023-10-06 10:09:05,715 [WARN] PackLoader:240 - Cannot read IP mode file for STMicroelectronics.X-CUBE-DISPLAY.3.0.0
2023-10-06 10:09:05,725 [WARN] PackLoader:240 - Cannot read IP mode file for STMicroelectronics.X-CUBE-BLE1.7.0.0
2023-10-06 10:09:05,729 [WARN] PackLoader:240 - Cannot read IP mode file for emotas.I-CUBE-CANOPEN.1.3.0
2023-10-06 10:09:05,732 [WARN] PackLoader:240 - Cannot read IP mode file for STMicroelectronics.X-CUBE-TOUCHGFX.4.22.0
2023-10-06 10:09:05,734 [WARN] PackLoader:240 - Cannot read IP mode file for STMicroelectronics.X-CUBE-TOUCHGFX.4.22.1
2023-10-06 10:09:05,737 [WARN] PackLoader:240 - Cannot read IP mode file for STMicroelectronics.FP-SNS-SMARTAG2.1.2.0
2023-10-06 10:09:05,746 [INFO] LogOutputStream:77 - [STDOUT_REDIRECT] 1 : Invalid condition id : UX_CORESTACK_Condition cause : null
2023-10-06 10:09:05,747 [INFO] LogOutputStream:77 - [STDOUT_REDIRECT] 1 : Invalid condition id : UX_CORESTACK_Condition cause : null
2023-10-06 10:09:05,747 [INFO] LogOutputStream:77 - [STDOUT_REDIRECT] 1 : Invalid condition id : UX_CORESTACK_Condition cause : null
2023-10-06 10:09:05,747 [INFO] LogOutputStream:77 - [STDOUT_REDIRECT] 1 : Invalid condition id : UX_CORESTACK_Condition cause : null
2023-10-06 10:09:05,748 [INFO] LogOutputStream:77 - [STDOUT_REDIRECT] 1 : Invalid condition id : UX_CORESTACK_Condition cause : null
2023-10-06 10:09:05,751 [WARN] PackLoader:240 - Cannot read IP mode file for STMicroelectronics.X-CUBE-AZRTOS-WL.2.0.0
2023-10-06 10:09:05,758 [WARN] PackLoader:240 - Cannot read IP mode file for WES.I-CUBE-Cesium.1.3.0
2023-10-06 10:09:05,761 [WARN] PackLoader:240 - Cannot read IP mode file for STMicroelectronics.X-CUBE-BLE2.3.3.0
2023-10-06 10:09:05,766 [WARN] PackLoader:240 - Cannot read IP mode file for STMicroelectronics.X-CUBE-ALGOBUILD.1.3.0
2023-10-06 10:09:05,783 [WARN] PackLoader:240 - Cannot read IP mode file for STMicroelectronics.X-CUBE-AZRTOS-G0.1.1.0
2023-10-06 10:09:05,789 [WARN] PackLoader:240 - Cannot read IP mode file for STMicroelectronics.X-CUBE-NFC4.3.0.0
2023-10-06 10:09:05,792 [WARN] PackLoader:240 - Cannot read IP mode file for STMicroelectronics.FP-ATR-SIGFOX1.3.2.0
2023-10-06 10:09:05,816 [WARN] PackLoader:240 - Cannot read IP mode file for SEGGER.I-CUBE-embOS.1.3.1
2023-10-06 10:09:05,847 [WARN] PackLoader:240 - Cannot read IP mode file for STMicroelectronics.X-CUBE-GNSS1.6.0.0
2023-10-06 10:09:05,861 [WARN] PackLoader:240 - Cannot read IP mode file for STMicroelectronics.X-CUBE-AZRTOS-F4.1.1.0
2023-10-06 10:09:05,866 [WARN] PackLoader:240 - Cannot read IP mode file for wolfSSL.I-CUBE-wolfSSL.5.6.3
2023-10-06 10:09:05,879 [WARN] PackLoader:240 - Cannot read IP mode file for STMicroelectronics.X-CUBE-AZRTOS-L5.2.0.0
2023-10-06 10:09:05,911 [WARN] PackLoader:240 - Cannot read IP mode file for STMicroelectronics.X-CUBE-MEMS1.9.6.0
2023-10-06 10:09:06,071 [WARN] PackLoader:240 - Cannot read IP mode file for ITTIA_DB.I-CUBE-ITTIADB.8.8.0
2023-10-06 10:09:06,076 [WARN] PackLoader:240 - Cannot read IP mode file for STMicroelectronics.X-CUBE-BLEMGR.2.0.0
2023-10-06 10:09:06,089 [WARN] ConditionMgr:438 - getConditionDescription Invalid condition id : UX DEVICE CLASS RTOS Condition cause : null
2023-10-06 10:09:06,090 [WARN] ConditionMgr:438 - getConditionDescription Invalid condition id : UX DEVICE CLASS RTOS Condition cause : null
2023-10-06 10:09:06,092 [WARN] PackLoader:240 - Cannot read IP mode file for STMicroelectronics.X-CUBE-AZRTOS-H7.3.1.0
2023-10-06 10:09:06,093 [WARN] ConditionMgr:1039 - genDependencies : Invalid condition id : UX DEVICE CLASS RTOS Condition cause : null
2023-10-06 10:09:06,093 [WARN] ConditionMgr:1039 - genDependencies : Invalid condition id : UX DEVICE CLASS RTOS Condition cause : null
2023-10-06 10:09:06,094 [WARN] ConditionMgr:1039 - genDependencies : Invalid condition id : UX DEVICE CLASS RTOS Condition cause : null
2023-10-06 10:09:06,094 [WARN] ConditionMgr:1039 - genDependencies : Invalid condition id : UX DEVICE CLASS RTOS Condition cause : null
2023-10-06 10:09:06,094 [WARN] ConditionMgr:1039 - genDependencies : Invalid condition id : UX DEVICE CLASS RTOS Condition cause : null
2023-10-06 10:09:06,099 [WARN] PackLoader:240 - Cannot read IP mode file for STMicroelectronics.X-CUBE-NFC7.1.0.1
2023-10-06 10:09:06,104 [WARN] PackLoader:240 - Cannot read IP mode file for STMicroelectronics.X-CUBE-NFC6.3.0.0
2023-10-06 10:09:06,109 [WARN] PackLoader:240 - Cannot read IP mode file for STMicroelectronics.X-CUBE-EEPRMA1.4.1.0
2023-10-06 10:09:06,112 [WARN] PackLoader:240 - Cannot read IP mode file for STMicroelectronics.X-CUBE-AI.8.1.0
2023-10-06 10:09:06,126 [WARN] ConditionMgr:438 - getConditionDescription Invalid condition id : LAN8742 Phy interface Condition cause : null
2023-10-06 10:09:06,126 [WARN] PackLoader:240 - Cannot read IP mode file for STMicroelectronics.X-CUBE-AZRTOS-L4.2.0.0
2023-10-06 10:09:06,127 [WARN] ConditionMgr:1039 - genDependencies : Invalid condition id : LAN8742 Phy interface Condition cause : null
2023-10-06 10:09:06,127 [WARN] ConditionMgr:1039 - genDependencies : Invalid condition id : LAN8742 Phy interface Condition cause : null
2023-10-06 10:09:06,128 [WARN] ConditionMgr:1039 - genDependencies : Invalid condition id : LAN8742 Phy interface Condition cause : null
2023-10-06 10:09:06,132 [WARN] PackLoader:240 - Cannot read IP mode file for STMicroelectronics.X-CUBE-SFXS2LP1.4.0.0
2023-10-06 10:09:06,135 [WARN] PackLoader:240 - Cannot read IP mode file for STMicroelectronics.X-CUBE-ISPU.1.1.0
2023-10-06 10:09:06,144 [WARN] ConditionMgr:438 - getConditionDescription Invalid condition id : UX DEVICE CLASS RTOS Condition cause : null
2023-10-06 10:09:06,144 [WARN] ConditionMgr:438 - getConditionDescription Invalid condition id : UX DEVICE CLASS RTOS Condition cause : null
2023-10-06 10:09:06,146 [WARN] PackLoader:240 - Cannot read IP mode file for STMicroelectronics.X-CUBE-AZRTOS-WB.2.0.0
2023-10-06 10:09:06,147 [WARN] ConditionMgr:1039 - genDependencies : Invalid condition id : UX DEVICE CLASS RTOS Condition cause : null
2023-10-06 10:09:06,147 [WARN] ConditionMgr:1039 - genDependencies : Invalid condition id : UX DEVICE CLASS RTOS Condition cause : null
2023-10-06 10:09:06,147 [WARN] ConditionMgr:1039 - genDependencies : Invalid condition id : UX DEVICE CLASS RTOS Condition cause : null
2023-10-06 10:09:06,147 [WARN] ConditionMgr:1039 - genDependencies : Invalid condition id : UX DEVICE CLASS RTOS Condition cause : null
2023-10-06 10:09:06,147 [WARN] ConditionMgr:1039 - genDependencies : Invalid condition id : UX DEVICE CLASS RTOS Condition cause : null
2023-10-06 10:09:06,154 [WARN] PackLoader:240 - Cannot read IP mode file for STMicroelectronics.X-CUBE-SUBG2.5.0.0
2023-10-06 10:09:06,166 [WARN] PackLoader:240 - Cannot read IP mode file for STMicroelectronics.X-CUBE-TOF1.3.3.1
2023-10-06 10:09:06,187 [WARN] PackLoader:240 - Cannot read IP mode file for STMicroelectronics.X-CUBE-AZRTOS-G4.2.0.0
2023-10-06 10:09:06,192 [WARN] PackLoader:240 - Cannot read IP mode file for STMicroelectronics.X-CUBE-FREERTOS.1.1.0
2023-10-06 10:09:06,195 [WARN] PackLoader:240 - Cannot read IP mode file for portGmbH.I-Cube-SoM-uGOAL.1.1.0
2023-10-06 10:09:06,198 [WARN] PackLoader:240 - Cannot read IP mode file for STMicroelectronics.X-CUBE-ALS.1.0.1
2023-10-06 10:09:06,200 [WARN] PackLoader:240 - Cannot read IP mode file for STMicroelectronics.FP-ATR-ASTRA1.2.0.0
2023-10-06 10:09:06,201 [INFO] ThirdParty:978 - Integrity check success = true
2023-10-06 10:09:06,201 [INFO] IntegrityCheckThread:100 - exiting critical section [integrity check]
2023-10-06 10:09:06,201 [INFO] IntegrityCheckThread:103 - End integrity checks thread
2023-10-06 10:10:07,037 [INFO] Activator:176 - 


2023-10-06 10:10:07,038 [INFO] Activator:177 - !SESSION log4j initialized
2023-10-06 10:10:08,545 [INFO] ApplicationProperties:184 - Using Application install path: /opt/stm32cubeide/plugins/com.st.stm32cube.common.mx_6.9.1.202307191849
2023-10-06 10:10:08,554 [INFO] DbMcusXml:78 - Set database path to: /opt/stm32cubeide/plugins/com.st.stm32cube.common.mx_6.9.1.202307191849//db//mcu/
2023-10-06 10:10:08,555 [INFO] ApiDb:274 - Set plugin database path to: /opt/stm32cubeide/plugins/com.st.stm32cube.common.mx_6.9.1.202307191849//db//plugins/boardmanager/
2023-10-06 10:10:08,555 [WARN] ApiDb:259 - Overriding images path with different value:  => /opt/stm32cubeide/plugins/com.st.stm32cube.common.mx_6.9.1.202307191849//db//plugins/mcufinder/images/
2023-10-06 10:10:08,563 [INFO] ApiDb:250 - Set database path to: /home/hronoz/.stmcufinder/plugins/mcufinder//mcu/
2023-10-06 10:10:08,565 [INFO] DbMcusAds:125 - Set database path to: /home/hronoz/.stmcufinder/plugins/mcufinder//mcu/
2023-10-06 10:10:08,566 [INFO] CrossReferenceDbSqlite:203 - Set database path to: /home/hronoz/.stmcufinder/plugins/mcufinder//mcu/cs/
2023-10-06 10:10:08,644 [INFO] RulesReader:64 - Compatibility file has been processed (293 Rules)
2023-10-06 10:10:08,692 [INFO] DbMcusXml:78 - Set database path to: /opt/stm32cubeide/plugins/com.st.stm32cube.common.mx_6.9.1.202307191849//db//mcu/
2023-10-06 10:10:08,692 [INFO] ApiDb:274 - Set plugin database path to: /opt/stm32cubeide/plugins/com.st.stm32cube.common.mx_6.9.1.202307191849//db//plugins/boardmanager/
2023-10-06 10:10:08,692 [INFO] ApiDb:261 - Set plugin images path to: /opt/stm32cubeide/plugins/com.st.stm32cube.common.mx_6.9.1.202307191849//db//plugins/mcufinder/images/
2023-10-06 10:10:08,693 [WARN] DbFile:41 - Overriding database path with different value: /home/hronoz/.stmcufinder/plugins/mcufinder/ => /home/hronoz/.stmcufinder/plugins/mcufinder
2023-10-06 10:10:08,693 [INFO] ApiDb:250 - Set database path to: /home/hronoz/.stmcufinder/plugins/mcufinder//mcu/
2023-10-06 10:10:08,693 [WARN] DbFile:41 - Overriding database path with different value: /home/hronoz/.stmcufinder/plugins/mcufinder/ => /home/hronoz/.stmcufinder/plugins/mcufinder
2023-10-06 10:10:08,693 [INFO] DbMcusAds:125 - Set database path to: /home/hronoz/.stmcufinder/plugins/mcufinder//mcu/
2023-10-06 10:10:08,693 [WARN] DbFile:41 - Overriding database path with different value: /home/hronoz/.stmcufinder/plugins/mcufinder/ => /home/hronoz/.stmcufinder/plugins/mcufinder
2023-10-06 10:10:08,693 [WARN] DbFile:41 - Overriding database path with different value: /home/hronoz/.stmcufinder/plugins/mcufinder/ => /home/hronoz/.stmcufinder/plugins/mcufinder
2023-10-06 10:10:08,693 [INFO] CrossReferenceDbSqlite:203 - Set database path to: /home/hronoz/.stmcufinder/plugins/mcufinder//mcu/cs/
2023-10-06 10:10:08,747 [INFO] MainPanel:262 - HeapMemory: 268435456
2023-10-06 10:10:08,802 [INFO] DbMcusXml:78 - Set database path to: /opt/stm32cubeide/plugins/com.st.stm32cube.common.mx_6.9.1.202307191849//db//mcu/
2023-10-06 10:10:08,803 [INFO] ApiDb:274 - Set plugin database path to: /opt/stm32cubeide/plugins/com.st.stm32cube.common.mx_6.9.1.202307191849//db//plugins/boardmanager/
2023-10-06 10:10:08,803 [INFO] ApiDb:261 - Set plugin images path to: /opt/stm32cubeide/plugins/com.st.stm32cube.common.mx_6.9.1.202307191849//db//plugins/mcufinder/images/
2023-10-06 10:10:08,803 [WARN] DbFile:41 - Overriding database path with different value: /home/hronoz/.stmcufinder/plugins/mcufinder/ => /home/hronoz/.stmcufinder/plugins/mcufinder
2023-10-06 10:10:08,803 [INFO] ApiDb:250 - Set database path to: /home/hronoz/.stmcufinder/plugins/mcufinder//mcu/
2023-10-06 10:10:08,803 [WARN] DbFile:41 - Overriding database path with different value: /home/hronoz/.stmcufinder/plugins/mcufinder/ => /home/hronoz/.stmcufinder/plugins/mcufinder
2023-10-06 10:10:08,803 [INFO] DbMcusAds:125 - Set database path to: /home/hronoz/.stmcufinder/plugins/mcufinder//mcu/
2023-10-06 10:10:08,803 [WARN] DbFile:41 - Overriding database path with different value: /home/hronoz/.stmcufinder/plugins/mcufinder/ => /home/hronoz/.stmcufinder/plugins/mcufinder
2023-10-06 10:10:08,803 [WARN] DbFile:41 - Overriding database path with different value: /home/hronoz/.stmcufinder/plugins/mcufinder/ => /home/hronoz/.stmcufinder/plugins/mcufinder
2023-10-06 10:10:08,804 [INFO] CrossReferenceDbSqlite:203 - Set database path to: /home/hronoz/.stmcufinder/plugins/mcufinder//mcu/cs/
2023-10-06 10:10:08,813 [INFO] ApplicationProperties:184 - Using Application install path: /opt/stm32cubeide/plugins/com.st.stm32cube.common.mx_6.9.1.202307191849
2023-10-06 10:10:08,814 [INFO] PluginManage:196 - Search for loadable plugins [exclusion list=, ]
2023-10-06 10:10:08,815 [INFO] PluginManage:310 - Check plugin analytics
2023-10-06 10:10:08,998 [INFO] AnalyticsPlugin:253 - Accepted Software Licenses: 
2023-10-06 10:10:08,999 [INFO] AnalyticsPlugin:255 - Accepted CMSIS Pack Licenses: 
2023-10-06 10:10:08,999 [INFO] AnalyticsPlugin:257 - Accepted Firmware Licenses: FW.L4.1.18.0
2023-10-06 10:10:09,002 [INFO] PluginManage:359 - Loaded plugin analytics (category:tool,tabindex:-1)
2023-10-06 10:10:09,002 [INFO] PluginManage:310 - Check plugin cadmodel
2023-10-06 10:10:09,041 [INFO] CADModel:105 - Init CAD model plugin
2023-10-06 10:10:09,041 [INFO] PluginManage:359 - Loaded plugin cadmodel (category:power,tabindex:5)
2023-10-06 10:10:09,041 [INFO] PluginManage:310 - Check plugin clock
2023-10-06 10:10:09,050 [INFO] PluginManage:359 - Loaded plugin clock (category:base,tabindex:2)
2023-10-06 10:10:09,051 [INFO] PluginManage:310 - Check plugin ddr
2023-10-06 10:10:09,053 [INFO] PluginManage:359 - Loaded plugin ddr (category:tool,tabindex:6)
2023-10-06 10:10:09,053 [INFO] PluginManage:310 - Check plugin filemanager
2023-10-06 10:10:09,151 [ERROR] ConfigurationRetriever:142 - IOException on connection: sw-center.st.com
2023-10-06 10:10:09,152 [ERROR] ConfigurationRetriever:142 - IOException on connection: sw-center.st.com
2023-10-06 10:10:09,152 [ERROR] ConfigurationRetriever:142 - IOException on connection: sw-center.st.com
2023-10-06 10:10:09,167 [INFO] PluginManage:359 - Loaded plugin filemanager (category:base,tabindex:10)
2023-10-06 10:10:09,168 [INFO] PluginManage:310 - Check plugin ipmanager
2023-10-06 10:10:09,173 [INFO] PluginManage:359 - Loaded plugin ipmanager (category:base,tabindex:5)
2023-10-06 10:10:09,173 [INFO] PluginManage:310 - Check plugin lpbam
2023-10-06 10:10:09,181 [INFO] PluginManage:359 - Loaded plugin lpbam (category:base,tabindex:0)
2023-10-06 10:10:09,181 [INFO] PluginManage:310 - Check plugin memorymap
2023-10-06 10:10:09,203 [INFO] PluginManage:359 - Loaded plugin memorymap (category:base,tabindex:4)
2023-10-06 10:10:09,203 [INFO] PluginManage:310 - Check plugin pinoutandconfiguration
2023-10-06 10:10:09,210 [INFO] PluginManage:359 - Loaded plugin pinoutandconfiguration (category:base,tabindex:1)
2023-10-06 10:10:09,210 [INFO] PluginManage:310 - Check plugin pinoutconfig
2023-10-06 10:10:09,311 [WARN] SupportedApi:132 - Cannot load RTOS API schema: s4s-elt-must-match.1: The content of 'definitions' must match (annotation?, (simpleType | complexType)?, (unique | key | keyref)*)). A problem was found starting at: attribute.
2023-10-06 10:10:09,407 [INFO] PluginManage:359 - Loaded plugin pinoutconfig (category:base,tabindex:0)
2023-10-06 10:10:09,407 [INFO] PluginManage:310 - Check plugin power
2023-10-06 10:10:09,415 [INFO] PluginManage:359 - Loaded plugin power (category:power,tabindex:4)
2023-10-06 10:10:09,415 [INFO] PluginManage:310 - Check plugin projectmanager
2023-10-06 10:10:09,425 [INFO] PluginManage:359 - Loaded plugin projectmanager (category:projectmanager,tabindex:3)
2023-10-06 10:10:09,425 [INFO] PluginManage:310 - Check plugin thirdparty
2023-10-06 10:10:09,518 [WARN] IntegrityCheckThread:84 - waiting for thirdparty lock release [integrity check]
2023-10-06 10:10:09,518 [INFO] PluginManage:359 - Loaded plugin thirdparty (category:base,tabindex:-1)
2023-10-06 10:10:09,519 [INFO] IntegrityCheckThread:86 - entering critical section [integrity check]
2023-10-06 10:10:09,519 [INFO] PluginManage:310 - Check plugin tools
2023-10-06 10:10:09,519 [INFO] ThirdPartyUpdaterWithRetryManager:70 - Updater plugin not ready yet. [1/15]
2023-10-06 10:10:09,521 [INFO] PluginManage:359 - Loaded plugin tools (category:base,tabindex:7)
2023-10-06 10:10:09,521 [INFO] PluginManage:310 - Check plugin tutovideos
2023-10-06 10:10:09,652 [INFO] PluginManage:359 - Loaded plugin tutovideos (category:base,tabindex:-1)
2023-10-06 10:10:09,652 [INFO] PluginManage:310 - Check plugin updater
2023-10-06 10:10:09,663 [INFO] PluginManage:359 - Loaded plugin updater (category:base,tabindex:12)
2023-10-06 10:10:09,663 [INFO] PluginManage:310 - Check plugin userauth
2023-10-06 10:10:09,668 [INFO] UserAuth:113 - Init User Auth plugin
2023-10-06 10:10:09,668 [INFO] PluginManage:359 - Loaded plugin userauth (category:base,tabindex:14)
2023-10-06 10:10:09,669 [INFO] PluginManage:283 - PluginManage : Loaded plugins [17]
2023-10-06 10:10:09,815 [INFO] PinOutPanel:1499 - setPackage(No Configuration,No Configuration)
2023-10-06 10:10:09,888 [INFO] CADModel:165 - CPN selected for project level
2023-10-06 10:10:09,888 [INFO] CADModel:114 - Register for checkConnection events
2023-10-06 10:10:09,906 [INFO] IPUIPlugin:80 - create IPUIPlugin
2023-10-06 10:10:09,906 [INFO] PluginManager:220 - loadIPPluginJar : add adc
2023-10-06 10:10:09,909 [INFO] IPUIPlugin:80 - create IPUIPlugin
2023-10-06 10:10:09,909 [INFO] PluginManager:220 - loadIPPluginJar : add aes
2023-10-06 10:10:09,912 [INFO] IPUIPlugin:80 - create IPUIPlugin
2023-10-06 10:10:09,912 [INFO] PluginManager:220 - loadIPPluginJar : add can
2023-10-06 10:10:09,914 [INFO] IPUIPlugin:80 - create IPUIPlugin
2023-10-06 10:10:09,914 [INFO] PluginManager:220 - loadIPPluginJar : add comp
2023-10-06 10:10:09,917 [INFO] IPUIPlugin:80 - create IPUIPlugin
2023-10-06 10:10:09,917 [INFO] PluginManager:220 - loadIPPluginJar : add cryp
2023-10-06 10:10:09,920 [INFO] IPUIPlugin:80 - create IPUIPlugin
2023-10-06 10:10:09,920 [INFO] PluginManager:220 - loadIPPluginJar : add dfsdm
2023-10-06 10:10:09,926 [INFO] IPUIPlugin:80 - create IPUIPlugin
2023-10-06 10:10:09,927 [INFO] PluginManager:220 - loadIPPluginJar : add dma
2023-10-06 10:10:09,930 [INFO] IPUIPlugin:80 - create IPUIPlugin
2023-10-06 10:10:09,930 [INFO] PluginManager:220 - loadIPPluginJar : add dma3
2023-10-06 10:10:09,931 [INFO] IPUIPlugin:80 - create IPUIPlugin
2023-10-06 10:10:09,932 [INFO] PluginManager:220 - loadIPPluginJar : add fatfs
2023-10-06 10:10:09,936 [INFO] IPUIPlugin:80 - create IPUIPlugin
2023-10-06 10:10:09,936 [INFO] PluginManager:220 - loadIPPluginJar : add fmc
2023-10-06 10:10:09,942 [INFO] IPUIPlugin:80 - create IPUIPlugin
2023-10-06 10:10:09,942 [INFO] PluginManager:220 - loadIPPluginJar : add freertos
2023-10-06 10:10:09,944 [INFO] IPUIPlugin:80 - create IPUIPlugin
2023-10-06 10:10:09,944 [INFO] PluginManager:220 - loadIPPluginJar : add genericplugin
2023-10-06 10:10:09,946 [INFO] IPUIPlugin:80 - create IPUIPlugin
2023-10-06 10:10:09,946 [INFO] PluginManager:220 - loadIPPluginJar : add gfxmmu
2023-10-06 10:10:09,952 [INFO] IPUIPlugin:80 - create IPUIPlugin
2023-10-06 10:10:09,952 [INFO] PluginManager:220 - loadIPPluginJar : add gic
2023-10-06 10:10:09,956 [INFO] IPUIPlugin:80 - create IPUIPlugin
2023-10-06 10:10:09,956 [INFO] PluginManager:220 - loadIPPluginJar : add gpio
2023-10-06 10:10:09,959 [INFO] IPUIPlugin:80 - create IPUIPlugin
2023-10-06 10:10:09,959 [INFO] PluginManager:220 - loadIPPluginJar : add gtzc
2023-10-06 10:10:09,962 [INFO] IPUIPlugin:80 - create IPUIPlugin
2023-10-06 10:10:09,962 [INFO] PluginManager:220 - loadIPPluginJar : add hash
2023-10-06 10:10:09,964 [INFO] IPUIPlugin:80 - create IPUIPlugin
2023-10-06 10:10:09,964 [INFO] PluginManager:220 - loadIPPluginJar : add i2c
2023-10-06 10:10:09,966 [INFO] IPUIPlugin:80 - create IPUIPlugin
2023-10-06 10:10:09,966 [INFO] PluginManager:220 - loadIPPluginJar : add i2s
2023-10-06 10:10:09,968 [INFO] IPUIPlugin:80 - create IPUIPlugin
2023-10-06 10:10:09,969 [INFO] PluginManager:220 - loadIPPluginJar : add i3c
2023-10-06 10:10:09,971 [INFO] IPUIPlugin:80 - create IPUIPlugin
2023-10-06 10:10:09,971 [INFO] PluginManager:220 - loadIPPluginJar : add ipddr
2023-10-06 10:10:09,977 [INFO] IPUIPlugin:80 - create IPUIPlugin
2023-10-06 10:10:09,978 [INFO] PluginManager:220 - loadIPPluginJar : add linkedlist
2023-10-06 10:10:09,980 [INFO] IPUIPlugin:80 - create IPUIPlugin
2023-10-06 10:10:09,980 [INFO] PluginManager:220 - loadIPPluginJar : add lorawan
2023-10-06 10:10:09,982 [INFO] IPUIPlugin:80 - create IPUIPlugin
2023-10-06 10:10:09,982 [INFO] PluginManager:220 - loadIPPluginJar : add ltdc
2023-10-06 10:10:09,987 [INFO] IPUIPlugin:80 - create IPUIPlugin
2023-10-06 10:10:09,987 [INFO] PluginManager:220 - loadIPPluginJar : add mdma
2023-10-06 10:10:09,991 [INFO] IPUIPlugin:80 - create IPUIPlugin
2023-10-06 10:10:09,991 [INFO] PluginManager:220 - loadIPPluginJar : add nvic
2023-10-06 10:10:09,993 [INFO] IPUIPlugin:80 - create IPUIPlugin
2023-10-06 10:10:09,993 [INFO] PluginManager:220 - loadIPPluginJar : add opamp
2023-10-06 10:10:09,996 [INFO] IPUIPlugin:80 - create IPUIPlugin
2023-10-06 10:10:09,996 [INFO] PluginManager:220 - loadIPPluginJar : add openamp
2023-10-06 10:10:09,998 [INFO] IPUIPlugin:80 - create IPUIPlugin
2023-10-06 10:10:09,999 [INFO] PluginManager:220 - loadIPPluginJar : add pdm2pcm
2023-10-06 10:10:10,003 [INFO] IPUIPlugin:80 - create IPUIPlugin
2023-10-06 10:10:10,006 [INFO] PluginManager:220 - loadIPPluginJar : add plateformsettings
2023-10-06 10:10:10,008 [INFO] IPUIPlugin:80 - create IPUIPlugin
2023-10-06 10:10:10,008 [INFO] PluginManager:220 - loadIPPluginJar : add quadspi
2023-10-06 10:10:10,013 [INFO] IPUIPlugin:80 - create IPUIPlugin
2023-10-06 10:10:10,013 [INFO] PluginManager:220 - loadIPPluginJar : add resmgrutility
2023-10-06 10:10:10,016 [INFO] IPUIPlugin:80 - create IPUIPlugin
2023-10-06 10:10:10,016 [INFO] PluginManager:220 - loadIPPluginJar : add sai
2023-10-06 10:10:10,019 [INFO] IPUIPlugin:80 - create IPUIPlugin
2023-10-06 10:10:10,019 [INFO] PluginManager:220 - loadIPPluginJar : add spi
2023-10-06 10:10:10,024 [INFO] IPUIPlugin:80 - create IPUIPlugin
2023-10-06 10:10:10,024 [INFO] PluginManager:220 - loadIPPluginJar : add stm32_wpan
2023-10-06 10:10:10,026 [INFO] IPUIPlugin:80 - create IPUIPlugin
2023-10-06 10:10:10,026 [INFO] PluginManager:220 - loadIPPluginJar : add tim
2023-10-06 10:10:10,029 [INFO] IPUIPlugin:80 - create IPUIPlugin
2023-10-06 10:10:10,029 [INFO] PluginManager:220 - loadIPPluginJar : add touchsensing
2023-10-06 10:10:10,031 [INFO] IPUIPlugin:80 - create IPUIPlugin
2023-10-06 10:10:10,031 [INFO] PluginManager:220 - loadIPPluginJar : add tracer_emb
2023-10-06 10:10:10,033 [INFO] IPUIPlugin:80 - create IPUIPlugin
2023-10-06 10:10:10,034 [INFO] PluginManager:220 - loadIPPluginJar : add ts
2023-10-06 10:10:10,036 [INFO] IPUIPlugin:80 - create IPUIPlugin
2023-10-06 10:10:10,036 [INFO] PluginManager:220 - loadIPPluginJar : add tsc
2023-10-06 10:10:10,038 [INFO] IPUIPlugin:80 - create IPUIPlugin
2023-10-06 10:10:10,038 [INFO] PluginManager:220 - loadIPPluginJar : add ucpd
2023-10-06 10:10:10,041 [INFO] IPUIPlugin:80 - create IPUIPlugin
2023-10-06 10:10:10,041 [INFO] PluginManager:220 - loadIPPluginJar : add usart
2023-10-06 10:10:10,044 [INFO] IPUIPlugin:80 - create IPUIPlugin
2023-10-06 10:10:10,044 [INFO] PluginManager:220 - loadIPPluginJar : add usbx
2023-10-06 10:10:10,151 [INFO] CADModel:165 - CPN selected for project level
2023-10-06 10:10:10,151 [INFO] CADModel:114 - Register for checkConnection events
2023-10-06 10:10:10,152 [FATAL] Updater:308 - Updater called before beeing initialized
2023-10-06 10:10:10,152 [ERROR] CADModel:125 - Updater not yet initialized, retry later 
2023-10-06 10:10:10,309 [INFO] CADModel:165 - CPN selected for project level
2023-10-06 10:10:10,309 [INFO] CADModel:114 - Register for checkConnection events
2023-10-06 10:10:10,309 [FATAL] Updater:308 - Updater called before beeing initialized
2023-10-06 10:10:10,309 [ERROR] CADModel:125 - Updater not yet initialized, retry later 
2023-10-06 10:10:10,318 [FATAL] Updater:308 - Updater called before beeing initialized
2023-10-06 10:10:10,400 [FATAL] Updater:308 - Updater called before beeing initialized
2023-10-06 10:10:10,406 [INFO] DbMcusAds:53 - JSON generation date=Tue Mar 07 11:50:55 MSK 2023 (1678179055114)
2023-10-06 10:10:10,406 [FATAL] Updater:308 - Updater called before beeing initialized
2023-10-06 10:10:10,432 [WARN] DetailPanel:346 - Failed to get advertising image, set to default
2023-10-06 10:10:10,495 [FATAL] Updater:308 - Updater called before beeing initialized
2023-10-06 10:10:10,496 [FATAL] Updater:308 - Updater called before beeing initialized
2023-10-06 10:10:10,496 [FATAL] Updater:308 - Updater called before beeing initialized
2023-10-06 10:10:10,496 [WARN] DetailPanel:346 - Failed to get advertising image, set to default
2023-10-06 10:10:10,497 [FATAL] Updater:308 - Updater called before beeing initialized
2023-10-06 10:10:10,519 [ERROR] Updater:1120 - MainUpdater not yet initialized. External WinMGr cannot be set.
2023-10-06 10:10:10,521 [INFO] Updater:1056 - Updater Version found : 6.9.1
2023-10-06 10:10:10,535 [INFO] ApplicationProperties:184 - Using Application install path: /opt/stm32cubeide/plugins/com.st.stm32cube.common.mx_6.9.1.202307191849
2023-10-06 10:10:10,673 [ERROR] ServerAccessManage:1146 - Warning during Server Connection :  Unknown host sw-center.st.com
2023-10-06 10:10:10,676 [INFO] MainUpdater:2868 - connection check result : 22
2023-10-06 10:10:10,677 [INFO] MainUpdater:285 - Updater Check For Update Now.
2023-10-06 10:10:10,677 [INFO] MicroXplorer:498 - Change Database Version : DB.6.0.91
2023-10-06 10:10:10,834 [INFO] CheckServerUpdateThread:120 - End of CheckServer Thread
2023-10-06 10:10:10,893 [INFO] MainUpdater:2868 - connection check result : 22
2023-10-06 10:10:10,894 [INFO] MainUpdater:2868 - connection check result : 22
2023-10-06 10:10:12,613 [WARN] PackLoader:240 - Cannot read IP mode file for STMicroelectronics.X-CUBE-SMBUS.2.1.0
2023-10-06 10:10:12,661 [WARN] PackLoader:240 - Cannot read IP mode file for STMicroelectronics.X-CUBE-AZRTOS-F7.1.1.0
2023-10-06 10:10:12,677 [WARN] PackLoader:240 - Cannot read IP mode file for STMicroelectronics.FP-SNS-MOTENV1.4.3.2
2023-10-06 10:10:12,687 [WARN] PackLoader:240 - Cannot read IP mode file for STMicroelectronics.FP-SNS-FLIGHT1.5.0.2
2023-10-06 10:10:12,699 [WARN] PackLoader:240 - Cannot read IP mode file for STMicroelectronics.X-CUBE-DISPLAY.3.0.0
2023-10-06 10:10:12,716 [WARN] PackLoader:240 - Cannot read IP mode file for STMicroelectronics.X-CUBE-BLE1.7.0.0
2023-10-06 10:10:12,724 [WARN] PackLoader:240 - Cannot read IP mode file for emotas.I-CUBE-CANOPEN.1.3.0
2023-10-06 10:10:12,730 [WARN] PackLoader:240 - Cannot read IP mode file for STMicroelectronics.X-CUBE-TOUCHGFX.4.22.0
2023-10-06 10:10:12,733 [WARN] PackLoader:240 - Cannot read IP mode file for STMicroelectronics.X-CUBE-TOUCHGFX.4.22.1
2023-10-06 10:10:12,739 [WARN] PackLoader:240 - Cannot read IP mode file for STMicroelectronics.FP-SNS-SMARTAG2.1.2.0
2023-10-06 10:10:12,756 [INFO] LogOutputStream:77 - [STDOUT_REDIRECT] 1 : Invalid condition id : UX_CORESTACK_Condition cause : null
2023-10-06 10:10:12,757 [INFO] LogOutputStream:77 - [STDOUT_REDIRECT] 1 : Invalid condition id : UX_CORESTACK_Condition cause : null
2023-10-06 10:10:12,757 [INFO] LogOutputStream:77 - [STDOUT_REDIRECT] 1 : Invalid condition id : UX_CORESTACK_Condition cause : null
2023-10-06 10:10:12,758 [INFO] LogOutputStream:77 - [STDOUT_REDIRECT] 1 : Invalid condition id : UX_CORESTACK_Condition cause : null
2023-10-06 10:10:12,758 [INFO] LogOutputStream:77 - [STDOUT_REDIRECT] 1 : Invalid condition id : UX_CORESTACK_Condition cause : null
2023-10-06 10:10:12,765 [WARN] PackLoader:240 - Cannot read IP mode file for STMicroelectronics.X-CUBE-AZRTOS-WL.2.0.0
2023-10-06 10:10:12,778 [WARN] PackLoader:240 - Cannot read IP mode file for WES.I-CUBE-Cesium.1.3.0
2023-10-06 10:10:12,784 [WARN] PackLoader:240 - Cannot read IP mode file for STMicroelectronics.X-CUBE-BLE2.3.3.0
2023-10-06 10:10:12,795 [WARN] PackLoader:240 - Cannot read IP mode file for STMicroelectronics.X-CUBE-ALGOBUILD.1.3.0
2023-10-06 10:10:12,823 [WARN] PackLoader:240 - Cannot read IP mode file for STMicroelectronics.X-CUBE-AZRTOS-G0.1.1.0
2023-10-06 10:10:12,835 [WARN] PackLoader:240 - Cannot read IP mode file for STMicroelectronics.X-CUBE-NFC4.3.0.0
2023-10-06 10:10:12,842 [WARN] PackLoader:240 - Cannot read IP mode file for STMicroelectronics.FP-ATR-SIGFOX1.3.2.0
2023-10-06 10:10:12,891 [WARN] PackLoader:240 - Cannot read IP mode file for SEGGER.I-CUBE-embOS.1.3.1
2023-10-06 10:10:12,990 [WARN] PackLoader:240 - Cannot read IP mode file for STMicroelectronics.X-CUBE-GNSS1.6.0.0
2023-10-06 10:10:13,014 [WARN] PackLoader:240 - Cannot read IP mode file for STMicroelectronics.X-CUBE-AZRTOS-F4.1.1.0
2023-10-06 10:10:13,024 [WARN] PackLoader:240 - Cannot read IP mode file for wolfSSL.I-CUBE-wolfSSL.5.6.3
2023-10-06 10:10:13,045 [WARN] PackLoader:240 - Cannot read IP mode file for STMicroelectronics.X-CUBE-AZRTOS-L5.2.0.0
2023-10-06 10:10:13,099 [WARN] PackLoader:240 - Cannot read IP mode file for STMicroelectronics.X-CUBE-MEMS1.9.6.0
2023-10-06 10:10:13,289 [WARN] PackLoader:240 - Cannot read IP mode file for ITTIA_DB.I-CUBE-ITTIADB.8.8.0
2023-10-06 10:10:13,297 [WARN] PackLoader:240 - Cannot read IP mode file for STMicroelectronics.X-CUBE-BLEMGR.2.0.0
2023-10-06 10:10:13,322 [WARN] ConditionMgr:438 - getConditionDescription Invalid condition id : UX DEVICE CLASS RTOS Condition cause : null
2023-10-06 10:10:13,323 [WARN] ConditionMgr:438 - getConditionDescription Invalid condition id : UX DEVICE CLASS RTOS Condition cause : null
2023-10-06 10:10:13,326 [WARN] PackLoader:240 - Cannot read IP mode file for STMicroelectronics.X-CUBE-AZRTOS-H7.3.1.0
2023-10-06 10:10:13,328 [WARN] ConditionMgr:1039 - genDependencies : Invalid condition id : UX DEVICE CLASS RTOS Condition cause : null
2023-10-06 10:10:13,328 [WARN] ConditionMgr:1039 - genDependencies : Invalid condition id : UX DEVICE CLASS RTOS Condition cause : null
2023-10-06 10:10:13,329 [WARN] ConditionMgr:1039 - genDependencies : Invalid condition id : UX DEVICE CLASS RTOS Condition cause : null
2023-10-06 10:10:13,329 [WARN] ConditionMgr:1039 - genDependencies : Invalid condition id : UX DEVICE CLASS RTOS Condition cause : null
2023-10-06 10:10:13,329 [WARN] ConditionMgr:1039 - genDependencies : Invalid condition id : UX DEVICE CLASS RTOS Condition cause : null
2023-10-06 10:10:13,334 [WARN] PackLoader:240 - Cannot read IP mode file for STMicroelectronics.X-CUBE-NFC7.1.0.1
2023-10-06 10:10:13,342 [WARN] PackLoader:240 - Cannot read IP mode file for STMicroelectronics.X-CUBE-NFC6.3.0.0
2023-10-06 10:10:13,349 [WARN] PackLoader:240 - Cannot read IP mode file for STMicroelectronics.X-CUBE-EEPRMA1.4.1.0
2023-10-06 10:10:13,354 [WARN] PackLoader:240 - Cannot read IP mode file for STMicroelectronics.X-CUBE-AI.8.1.0
2023-10-06 10:10:13,377 [WARN] ConditionMgr:438 - getConditionDescription Invalid condition id : LAN8742 Phy interface Condition cause : null
2023-10-06 10:10:13,378 [WARN] PackLoader:240 - Cannot read IP mode file for STMicroelectronics.X-CUBE-AZRTOS-L4.2.0.0
2023-10-06 10:10:13,381 [WARN] ConditionMgr:1039 - genDependencies : Invalid condition id : LAN8742 Phy interface Condition cause : null
2023-10-06 10:10:13,383 [WARN] ConditionMgr:1039 - genDependencies : Invalid condition id : LAN8742 Phy interface Condition cause : null
2023-10-06 10:10:13,383 [WARN] ConditionMgr:1039 - genDependencies : Invalid condition id : LAN8742 Phy interface Condition cause : null
2023-10-06 10:10:13,394 [WARN] PackLoader:240 - Cannot read IP mode file for STMicroelectronics.X-CUBE-SFXS2LP1.4.0.0
2023-10-06 10:10:13,400 [WARN] PackLoader:240 - Cannot read IP mode file for STMicroelectronics.X-CUBE-ISPU.1.1.0
2023-10-06 10:10:13,417 [WARN] ConditionMgr:438 - getConditionDescription Invalid condition id : UX DEVICE CLASS RTOS Condition cause : null
2023-10-06 10:10:13,417 [WARN] ConditionMgr:438 - getConditionDescription Invalid condition id : UX DEVICE CLASS RTOS Condition cause : null
2023-10-06 10:10:13,420 [WARN] PackLoader:240 - Cannot read IP mode file for STMicroelectronics.X-CUBE-AZRTOS-WB.2.0.0
2023-10-06 10:10:13,421 [WARN] ConditionMgr:1039 - genDependencies : Invalid condition id : UX DEVICE CLASS RTOS Condition cause : null
2023-10-06 10:10:13,422 [WARN] ConditionMgr:1039 - genDependencies : Invalid condition id : UX DEVICE CLASS RTOS Condition cause : null
2023-10-06 10:10:13,423 [WARN] ConditionMgr:1039 - genDependencies : Invalid condition id : UX DEVICE CLASS RTOS Condition cause : null
2023-10-06 10:10:13,423 [WARN] ConditionMgr:1039 - genDependencies : Invalid condition id : UX DEVICE CLASS RTOS Condition cause : null
2023-10-06 10:10:13,423 [WARN] ConditionMgr:1039 - genDependencies : Invalid condition id : UX DEVICE CLASS RTOS Condition cause : null
2023-10-06 10:10:13,435 [WARN] PackLoader:240 - Cannot read IP mode file for STMicroelectronics.X-CUBE-SUBG2.5.0.0
2023-10-06 10:10:13,451 [WARN] PackLoader:240 - Cannot read IP mode file for STMicroelectronics.X-CUBE-TOF1.3.3.1
2023-10-06 10:10:13,483 [WARN] PackLoader:240 - Cannot read IP mode file for STMicroelectronics.X-CUBE-AZRTOS-G4.2.0.0
2023-10-06 10:10:13,491 [WARN] PackLoader:240 - Cannot read IP mode file for STMicroelectronics.X-CUBE-FREERTOS.1.1.0
2023-10-06 10:10:13,498 [WARN] PackLoader:240 - Cannot read IP mode file for portGmbH.I-Cube-SoM-uGOAL.1.1.0
2023-10-06 10:10:13,504 [WARN] PackLoader:240 - Cannot read IP mode file for STMicroelectronics.X-CUBE-ALS.1.0.1
2023-10-06 10:10:13,509 [WARN] PackLoader:240 - Cannot read IP mode file for STMicroelectronics.FP-ATR-ASTRA1.2.0.0
2023-10-06 10:10:13,511 [INFO] ThirdParty:978 - Integrity check success = true
2023-10-06 10:10:13,512 [INFO] IntegrityCheckThread:100 - exiting critical section [integrity check]
2023-10-06 10:10:13,512 [INFO] IntegrityCheckThread:103 - End integrity checks thread
